#
# A fatal error has been detected by the Java Runtime Environment:
#
#  SIGSEGV (0xb) at pc=0x000000012db03223, pid=4136, tid=51215
#
# JRE version: Java(TM) SE Runtime Environment (8.0_45-b14) (build 1.8.0_45-b14)
# Java VM: Java HotSpot(TM) 64-Bit Server VM (25.45-b02 mixed mode bsd-amd64 compressed oops)
# Problematic frame:
# C  [librxtxSerial.jnilib+0x2223]  Java_gnu_io_RXTXPort_nativeDrain+0x117
#
# Failed to write core dump. Core dumps have been disabled. To enable core dumping, try "ulimit -c unlimited" before starting Java again
#
# If you would like to submit a bug report, please visit:
#   http://bugreport.java.com/bugreport/crash.jsp
# The crash happened outside the Java Virtual Machine in native code.
# See problematic frame for where to report the bug.
#

---------------  T H R E A D  ---------------

Current thread (0x00007fa3e8a5a000):  JavaThread "AWT-EventQueue-0" [_thread_in_native, id=51215, stack(0x0000700003b12000,0x0000700003c12000)]

siginfo: si_signo: 11 (SIGSEGV), si_code: 1 (SEGV_MAPERR), si_addr: 0x00007000036f989c

Registers:
RAX=0x00007000036f9730, RBX=0x000000012fa0bc68, RCX=0x000000010e7fa190, RDX=0x0000000000000004
RSP=0x0000700003c0ee10, RBP=0x0000700003c0f1b0, RSI=0x0000000000000007, RDI=0x0000700003c0ed68
R8 =0x0000700003c0e9b8, R9 =0x0000000000000000, R10=0x0000700003c0ec78, R11=0x00007fa2daa401ba
R12=0x0000000000000000, R13=0x000000012fa0bc60, R14=0x0000700003c0f240, R15=0x00007fa3e8a5a000
RIP=0x000000012db03223, EFLAGS=0x0000000000010206, ERR=0x0000000000000004
  TRAPNO=0x000000000000000e

Top of Stack: (sp=0x0000700003c0ee10)
0x0000700003c0ee10:   4070b36e2fd95058 00007fa3e7e05be0
0x0000700003c0ee20:   0000700003c0f040 000000010e5da24b
0x0000700003c0ee30:   000000076c6219d0 00000000000002df
0x0000700003c0ee40:   0000700003c0ef20 000000010e4ca61b
0x0000700003c0ee50:   000000010e8ab2e0 0000005000000000
0x0000700003c0ee60:   00007fa3e7c0b950 000000010e5c02da
0x0000700003c0ee70:   0000700003c0f040 000000076c6219d0
0x0000700003c0ee80:   0000000000000017 0000000000000064
0x0000700003c0ee90:   0000000000000001 6a2720616c6219d0
0x0000700003c0eea0:   492f6f692f617661 697470656378454f
0x0000700003c0eeb0:   0000000000276e6f 0000000000000000
0x0000700003c0eec0:   0000000000000000 0000000000000000
0x0000700003c0eed0:   0000000000000000 0000000000000000
0x0000700003c0eee0:   0000000000000101 0000000000000000
0x0000700003c0eef0:   00007fa3ea5a3560 00007fa3ea5a3560
0x0000700003c0ef00:   c60138417f5200b6 0000003000000030
0x0000700003c0ef10:   0000700003c0ef30 000000010e452c3e
0x0000700003c0ef20:   0000700003c0ef90 0000700003c0efb8
0x0000700003c0ef30:   0000700003c0ef50 000000010e44d60e
0x0000700003c0ef40:   0000700003c0efb8 0000700003c0efb8
0x0000700003c0ef50:   0000700003c0ef70 000000010e1eae7c
0x0000700003c0ef60:   00007fa3e8a5a000 0000700003c0efb8
0x0000700003c0ef70:   00007fa3e7d132e0 00007fa3e7d132e0
0x0000700003c0ef80:   0000000000000008 0000700003c0f1b8
0x0000700003c0ef90:   0000700003c0efb0 000000010e452c3e
0x0000700003c0efa0:   0000700003c0efb0 0000700003c0f038
0x0000700003c0efb0:   0000700003c0f240 00007fa3e8a5a1f8
0x0000700003c0efc0:   0000700003c0f038 0000700003c0f038
0x0000700003c0efd0:   0000700003c0eff0 000000010e1eae7c
0x0000700003c0efe0:   00007fa3e8a5a000 0000700003c0f038
0x0000700003c0eff0:   0000700003c0f0e0 000000010e2d8741
0x0000700003c0f000:   0000000000000020 0000700003c0f238 

Instructions: (pc=0x000000012db03223)
0x000000012db03203:   fd ff ff 00 74 0f c7 85 6c fc ff ff 00 00 00 00
0x000000012db03213:   e9 99 00 00 00 48 83 7d f0 00 74 2a 48 8b 45 f0
0x000000012db03223:   8b 80 6c 01 00 00 85 c0 74 1c 48 8b 45 f0 c7 80
0x000000012db03233:   6c 01 00 00 00 00 00 00 48 8b 45 f0 c7 80 70 01 

Register to memory mapping:

RAX=0x00007000036f9730 is an unknown value
RBX={method} {0x000000012fa0bc68} 'nativeDrain' '(Z)Z' in 'gnu/io/RXTXPort'
RCX=0x000000010e7fa190: UseMembar+0 in /Library/Java/JavaVirtualMachines/jdk1.8.0_45.jdk/Contents/Home/jre/lib/server/libjvm.dylib at 0x000000010e000000
RDX=0x0000000000000004 is an unknown value
RSP=0x0000700003c0ee10 is pointing into the stack for thread: 0x00007fa3e8a5a000
RBP=0x0000700003c0f1b0 is pointing into the stack for thread: 0x00007fa3e8a5a000
RSI=0x0000000000000007 is an unknown value
RDI=0x0000700003c0ed68 is pointing into the stack for thread: 0x00007fa3e8a5a000
R8 =0x0000700003c0e9b8 is pointing into the stack for thread: 0x00007fa3e8a5a000
R9 =0x0000000000000000 is an unknown value
R10=0x0000700003c0ec78 is pointing into the stack for thread: 0x00007fa3e8a5a000
R11=0x00007fa2daa401ba is an unknown value
R12=0x0000000000000000 is an unknown value
R13=0x000000012fa0bc60 is pointing into metadata
R14=0x0000700003c0f240 is pointing into the stack for thread: 0x00007fa3e8a5a000
R15=0x00007fa3e8a5a000 is a thread


Stack: [0x0000700003b12000,0x0000700003c12000],  sp=0x0000700003c0ee10,  free space=1011k
Native frames: (J=compiled Java code, j=interpreted, Vv=VM code, C=native code)
C  [librxtxSerial.jnilib+0x2223]  Java_gnu_io_RXTXPort_nativeDrain+0x117
j  gnu.io.RXTXPort.nativeDrain(Z)Z+0
j  gnu.io.RXTXPort$SerialOutputStream.flush()V+72
j  java.io.PrintStream.flush()V+12
j  my.lasercontroller.LaserController.sendData(Ljava/lang/String;)V+50
j  my.lasercontroller.LaserController.btnUploadActionPerformed(Ljava/awt/event/ActionEvent;)V+780
j  my.lasercontroller.LaserController.access$3200(Lmy/lasercontroller/LaserController;Ljava/awt/event/ActionEvent;)V+2
j  my.lasercontroller.LaserController$33.actionPerformed(Ljava/awt/event/ActionEvent;)V+5
j  javax.swing.AbstractButton.fireActionPerformed(Ljava/awt/event/ActionEvent;)V+83
j  javax.swing.AbstractButton$Handler.actionPerformed(Ljava/awt/event/ActionEvent;)V+5
j  javax.swing.DefaultButtonModel.fireActionPerformed(Ljava/awt/event/ActionEvent;)V+34
j  javax.swing.DefaultButtonModel.setPressed(Z)V+117
j  javax.swing.plaf.basic.BasicButtonListener.mouseReleased(Ljava/awt/event/MouseEvent;)V+35
j  java.awt.Component.processMouseEvent(Ljava/awt/event/MouseEvent;)V+64
j  javax.swing.JComponent.processMouseEvent(Ljava/awt/event/MouseEvent;)V+23
J 1827 C1 java.awt.Component.processEvent(Ljava/awt/AWTEvent;)V (220 bytes) @ 0x0000000119d91bdc [0x0000000119d916c0+0x51c]
J 1637 C1 java.awt.Container.processEvent(Ljava/awt/AWTEvent;)V (22 bytes) @ 0x0000000119cfce04 [0x0000000119cfcae0+0x324]
J 1603 C1 java.awt.Component.dispatchEventImpl(Ljava/awt/AWTEvent;)V (883 bytes) @ 0x0000000119cdafdc [0x0000000119cd5aa0+0x553c]
J 1408 C1 java.awt.Container.dispatchEventImpl(Ljava/awt/AWTEvent;)V (129 bytes) @ 0x0000000119c26dac [0x0000000119c26c60+0x14c]
J 1766 C1 java.awt.LightweightDispatcher.retargetMouseEvent(Ljava/awt/Component;ILjava/awt/event/MouseEvent;)V (350 bytes) @ 0x0000000119d66164 [0x0000000119d63ba0+0x25c4]
J 1717 C1 java.awt.LightweightDispatcher.processMouseEvent(Ljava/awt/event/MouseEvent;)Z (301 bytes) @ 0x0000000119d4249c [0x0000000119d411a0+0x12fc]
J 1609 C1 java.awt.LightweightDispatcher.dispatchEvent(Ljava/awt/AWTEvent;)Z (73 bytes) @ 0x0000000119cf0934 [0x0000000119cf0500+0x434]
J 1408 C1 java.awt.Container.dispatchEventImpl(Ljava/awt/AWTEvent;)V (129 bytes) @ 0x0000000119c26d4c [0x0000000119c26c60+0xec]
J 1507 C1 java.awt.Window.dispatchEventImpl(Ljava/awt/AWTEvent;)V (23 bytes) @ 0x0000000119c7eecc [0x0000000119c7e8e0+0x5ec]
J 1434 C1 java.awt.EventQueue.dispatchEventImpl(Ljava/awt/AWTEvent;Ljava/lang/Object;)V (149 bytes) @ 0x0000000119c394a4 [0x0000000119c37c40+0x1864]
J 1370 C1 java.awt.EventQueue$3.run()Ljava/lang/Void; (60 bytes) @ 0x0000000119c0dc94 [0x0000000119c0da80+0x214]
J 1369 C1 java.awt.EventQueue$3.run()Ljava/lang/Object; (5 bytes) @ 0x0000000119c0d70c [0x0000000119c0d680+0x8c]
v  ~StubRoutines::call_stub
V  [libjvm.dylib+0x2e032a]
V  [libjvm.dylib+0x338818]
J 1134  java.security.AccessController.doPrivileged(Ljava/security/PrivilegedAction;Ljava/security/AccessControlContext;)Ljava/lang/Object; (0 bytes) @ 0x0000000119b78b55 [0x0000000119b78a80+0xd5]
J 1960 C2 java.security.ProtectionDomain$1.doIntersectionPrivilege(Ljava/security/PrivilegedAction;Ljava/security/AccessControlContext;Ljava/security/AccessControlContext;)Ljava/lang/Object; (32 bytes) @ 0x0000000119e0a654 [0x0000000119e0a580+0xd4]

Java frames: (J=compiled Java code, j=interpreted, Vv=VM code)
j  gnu.io.RXTXPort.nativeDrain(Z)Z+0
j  gnu.io.RXTXPort$SerialOutputStream.flush()V+72
j  java.io.PrintStream.flush()V+12
j  my.lasercontroller.LaserController.sendData(Ljava/lang/String;)V+50
j  my.lasercontroller.LaserController.btnUploadActionPerformed(Ljava/awt/event/ActionEvent;)V+780
j  my.lasercontroller.LaserController.access$3200(Lmy/lasercontroller/LaserController;Ljava/awt/event/ActionEvent;)V+2
j  my.lasercontroller.LaserController$33.actionPerformed(Ljava/awt/event/ActionEvent;)V+5
j  javax.swing.AbstractButton.fireActionPerformed(Ljava/awt/event/ActionEvent;)V+83
j  javax.swing.AbstractButton$Handler.actionPerformed(Ljava/awt/event/ActionEvent;)V+5
j  javax.swing.DefaultButtonModel.fireActionPerformed(Ljava/awt/event/ActionEvent;)V+34
j  javax.swing.DefaultButtonModel.setPressed(Z)V+117
j  javax.swing.plaf.basic.BasicButtonListener.mouseReleased(Ljava/awt/event/MouseEvent;)V+35
j  java.awt.Component.processMouseEvent(Ljava/awt/event/MouseEvent;)V+64
j  javax.swing.JComponent.processMouseEvent(Ljava/awt/event/MouseEvent;)V+23
J 1827 C1 java.awt.Component.processEvent(Ljava/awt/AWTEvent;)V (220 bytes) @ 0x0000000119d91bdc [0x0000000119d916c0+0x51c]
J 1637 C1 java.awt.Container.processEvent(Ljava/awt/AWTEvent;)V (22 bytes) @ 0x0000000119cfce04 [0x0000000119cfcae0+0x324]
J 1603 C1 java.awt.Component.dispatchEventImpl(Ljava/awt/AWTEvent;)V (883 bytes) @ 0x0000000119cdafdc [0x0000000119cd5aa0+0x553c]
J 1408 C1 java.awt.Container.dispatchEventImpl(Ljava/awt/AWTEvent;)V (129 bytes) @ 0x0000000119c26dac [0x0000000119c26c60+0x14c]
J 1766 C1 java.awt.LightweightDispatcher.retargetMouseEvent(Ljava/awt/Component;ILjava/awt/event/MouseEvent;)V (350 bytes) @ 0x0000000119d66164 [0x0000000119d63ba0+0x25c4]
J 1717 C1 java.awt.LightweightDispatcher.processMouseEvent(Ljava/awt/event/MouseEvent;)Z (301 bytes) @ 0x0000000119d4249c [0x0000000119d411a0+0x12fc]
J 1609 C1 java.awt.LightweightDispatcher.dispatchEvent(Ljava/awt/AWTEvent;)Z (73 bytes) @ 0x0000000119cf0934 [0x0000000119cf0500+0x434]
J 1408 C1 java.awt.Container.dispatchEventImpl(Ljava/awt/AWTEvent;)V (129 bytes) @ 0x0000000119c26d4c [0x0000000119c26c60+0xec]
J 1507 C1 java.awt.Window.dispatchEventImpl(Ljava/awt/AWTEvent;)V (23 bytes) @ 0x0000000119c7eecc [0x0000000119c7e8e0+0x5ec]
J 1434 C1 java.awt.EventQueue.dispatchEventImpl(Ljava/awt/AWTEvent;Ljava/lang/Object;)V (149 bytes) @ 0x0000000119c394a4 [0x0000000119c37c40+0x1864]
J 1370 C1 java.awt.EventQueue$3.run()Ljava/lang/Void; (60 bytes) @ 0x0000000119c0dc94 [0x0000000119c0da80+0x214]
J 1369 C1 java.awt.EventQueue$3.run()Ljava/lang/Object; (5 bytes) @ 0x0000000119c0d70c [0x0000000119c0d680+0x8c]
v  ~StubRoutines::call_stub
J 1134  java.security.AccessController.doPrivileged(Ljava/security/PrivilegedAction;Ljava/security/AccessControlContext;)Ljava/lang/Object; (0 bytes) @ 0x0000000119b78ae3 [0x0000000119b78a80+0x63]
J 1960 C2 java.security.ProtectionDomain$1.doIntersectionPrivilege(Ljava/security/PrivilegedAction;Ljava/security/AccessControlContext;Ljava/security/AccessControlContext;)Ljava/lang/Object; (32 bytes) @ 0x0000000119e0a654 [0x0000000119e0a580+0xd4]
J 1238 C1 java.awt.EventQueue$4.run()Ljava/lang/Object; (5 bytes) @ 0x0000000119bbf75c [0x0000000119bbf360+0x3fc]
v  ~StubRoutines::call_stub
J 1134  java.security.AccessController.doPrivileged(Ljava/security/PrivilegedAction;Ljava/security/AccessControlContext;)Ljava/lang/Object; (0 bytes) @ 0x0000000119b78ae3 [0x0000000119b78a80+0x63]
J 1372 C1 java.awt.EventQueue.dispatchEvent(Ljava/awt/AWTEvent;)V (80 bytes) @ 0x0000000119c0f0cc [0x0000000119c0e400+0xccc]
J 1200 C1 java.awt.EventDispatchThread.pumpOneEventForFilters(I)V (295 bytes) @ 0x0000000119ba95d4 [0x0000000119ba7900+0x1cd4]
j  java.awt.EventDispatchThread.pumpEventsForFilter(ILjava/awt/Conditional;Ljava/awt/EventFilter;)V+35
j  java.awt.EventDispatchThread.pumpEventsForHierarchy(ILjava/awt/Conditional;Ljava/awt/Component;)V+11
j  java.awt.EventDispatchThread.pumpEvents(ILjava/awt/Conditional;)V+4
j  java.awt.EventDispatchThread.pumpEvents(Ljava/awt/Conditional;)V+3
j  java.awt.EventDispatchThread.run()V+9
v  ~StubRoutines::call_stub

---------------  P R O C E S S  ---------------

Java Threads: ( => current thread )
  0x00007fa3e818f000 JavaThread "TimerQueue" daemon [_thread_blocked, id=53515, stack(0x0000700003c15000,0x0000700003d15000)]
  0x00007fa3e80bd000 JavaThread "DestroyJavaVM" [_thread_blocked, id=6403, stack(0x00007000026cd000,0x00007000027cd000)]
=>0x00007fa3e8a5a000 JavaThread "AWT-EventQueue-0" [_thread_in_native, id=51215, stack(0x0000700003b12000,0x0000700003c12000)]
  0x00007fa3e8179000 JavaThread "AWT-Shutdown" [_thread_blocked, id=25135, stack(0x00007000034f7000,0x00007000035f7000)]
  0x00007fa3e8158800 JavaThread "Java2D Disposer" daemon [_thread_blocked, id=75547, stack(0x0000700003a0f000,0x0000700003b0f000)]
  0x00007fa3e9919000 JavaThread "Java2D Queue Flusher" daemon [_thread_blocked, id=47135, stack(0x000070000390c000,0x0000700003a0c000)]
  0x00007fa3e80a3000 JavaThread "AppKit Thread" daemon [_thread_in_native, id=775, stack(0x00007ffee1c73000,0x00007ffee2473000)]
  0x00007fa3e9043800 JavaThread "Service Thread" daemon [_thread_blocked, id=13827, stack(0x00007000032f1000,0x00007000033f1000)]
  0x00007fa3e9041000 JavaThread "C1 CompilerThread2" daemon [_thread_blocked, id=17411, stack(0x00007000031ee000,0x00007000032ee000)]
  0x00007fa3e9040000 JavaThread "C2 CompilerThread1" daemon [_thread_blocked, id=17923, stack(0x00007000030eb000,0x00007000031eb000)]
  0x00007fa3e903f000 JavaThread "C2 CompilerThread0" daemon [_thread_blocked, id=18435, stack(0x0000700002fe8000,0x00007000030e8000)]
  0x00007fa3e8014800 JavaThread "Signal Dispatcher" daemon [_thread_blocked, id=13059, stack(0x0000700002ee5000,0x0000700002fe5000)]
  0x00007fa3e9023000 JavaThread "Finalizer" daemon [_thread_blocked, id=19971, stack(0x0000700002de2000,0x0000700002ee2000)]
  0x00007fa3e800b800 JavaThread "Reference Handler" daemon [_thread_blocked, id=11523, stack(0x0000700002cdf000,0x0000700002ddf000)]

Other Threads:
  0x00007fa3e9022000 VMThread [stack: 0x0000700002bdc000,0x0000700002cdc000] [id=11267]
  0x00007fa3e8858800 WatcherThread [stack: 0x00007000033f4000,0x00007000034f4000] [id=14083]

VM state:not at safepoint (normal execution)

VM Mutex/Monitor currently owned by a thread: None

Heap:
 PSYoungGen      total 76288K, used 28844K [0x000000076ab00000, 0x0000000770000000, 0x00000007c0000000)
  eden space 65536K, 44% used [0x000000076ab00000,0x000000076c72b2b0,0x000000076eb00000)
  from space 10752K, 0% used [0x000000076f580000,0x000000076f580000,0x0000000770000000)
  to   space 10752K, 0% used [0x000000076eb00000,0x000000076eb00000,0x000000076f580000)
 ParOldGen       total 175104K, used 0K [0x00000006c0000000, 0x00000006cab00000, 0x000000076ab00000)
  object space 175104K, 0% used [0x00000006c0000000,0x00000006c0000000,0x00000006cab00000)
 Metaspace       used 15392K, capacity 15688K, committed 15744K, reserved 1062912K
  class space    used 2047K, capacity 2140K, committed 2176K, reserved 1048576K

Card table byte_map: [0x000000010f39e000,0x000000010fb9f000] byte_map_base: 0x000000010bd9e000

Marking Bits: (ParMarkBitMap*) 0x000000010e8c27a0
 Begin Bits: [0x00000001100f5000, 0x00000001140f5000)
 End Bits:   [0x00000001140f5000, 0x00000001180f5000)

Polling page: 0x000000010d7d0000

CodeCache: size=245760Kb used=6305Kb max_used=6317Kb free=239454Kb
 bounds [0x00000001197e8000, 0x0000000119e18000, 0x00000001287e8000]
 total_blobs=2488 nmethods=1951 adapters=449
 compilation: enabled

Compilation events (10 events):
Event: 266.175 Thread 0x00007fa3e903f000 1972       4       java.awt.Container::getMouseEventTarget (50 bytes)
Event: 266.198 Thread 0x00007fa3e903f000 nmethod 1972 0x0000000119e14790 code [0x0000000119e14a00, 0x0000000119e15e88]
Event: 266.628 Thread 0x00007fa3e9041000 1973       3       java.util.PriorityQueue::peek (18 bytes)
Event: 266.628 Thread 0x00007fa3e9041000 nmethod 1973 0x0000000119e0b010 code [0x0000000119e0b180, 0x0000000119e0b370]
Event: 266.693 Thread 0x00007fa3e9041000 1974       3       sun.java2d.pipe.PixelToShapeConverter::<init> (10 bytes)
Event: 266.693 Thread 0x00007fa3e9041000 nmethod 1974 0x0000000119e0ac10 code [0x0000000119e0ad80, 0x0000000119e0af50]
Event: 267.131 Thread 0x00007fa3e9041000 1975       3       java.awt.Dimension::getHeight (6 bytes)
Event: 267.131 Thread 0x00007fa3e9041000 nmethod 1975 0x0000000119e0a850 code [0x0000000119e0a9a0, 0x0000000119e0aaf0]
Event: 267.132 Thread 0x00007fa3e9041000 1976       3       java.awt.geom.AffineTransform::rotate90 (87 bytes)
Event: 267.133 Thread 0x00007fa3e9041000 nmethod 1976 0x0000000119e14210 code [0x0000000119e143c0, 0x0000000119e14690]

GC Heap History (0 events):
No events

Deoptimization events (10 events):
Event: 5.512 Thread 0x00007fa3e8a5a000 Uncommon trap: reason=unstable_if action=reinterpret pc=0x0000000119a4a9b0 method=java.util.HashMap.getNode(ILjava/lang/Object;)Ljava/util/HashMap$Node; @ 84
Event: 5.518 Thread 0x00007fa3e8a5a000 Uncommon trap: reason=unstable_if action=reinterpret pc=0x0000000119a72694 method=java.util.HashMap.putVal(ILjava/lang/Object;Ljava/lang/Object;ZZ)Ljava/lang/Object; @ 109
Event: 5.520 Thread 0x00007fa3e8a5a000 Uncommon trap: reason=unstable_if action=reinterpret pc=0x0000000119a7dc88 method=javax.swing.plaf.nimbus.DerivedColor.equals(Ljava/lang/Object;)Z @ 45
Event: 5.520 Thread 0x00007fa3e8a5a000 Uncommon trap: reason=unstable_if action=reinterpret pc=0x0000000119a7a5c4 method=javax.swing.plaf.nimbus.DerivedColor.equals(Ljava/lang/Object;)Z @ 45
Event: 5.610 Thread 0x00007fa3e8a5a000 Uncommon trap: reason=unstable_if action=reinterpret pc=0x0000000119a6c378 method=java.util.HashMap.putVal(ILjava/lang/Object;Ljava/lang/Object;ZZ)Ljava/lang/Object; @ 109
Event: 9.310 Thread 0x00007fa3e8a5a000 Uncommon trap: reason=class_check action=maybe_recompile pc=0x000000011990d098 method=java.lang.String.equals(Ljava/lang/Object;)Z @ 8
Event: 9.310 Thread 0x00007fa3e8a5a000 Uncommon trap: reason=class_check action=maybe_recompile pc=0x000000011990d098 method=java.lang.String.equals(Ljava/lang/Object;)Z @ 8
Event: 9.310 Thread 0x00007fa3e8a5a000 Uncommon trap: reason=class_check action=maybe_recompile pc=0x000000011990d098 method=java.lang.String.equals(Ljava/lang/Object;)Z @ 8
Event: 9.393 Thread 0x00007fa3e8a5a000 Uncommon trap: reason=unstable_if action=reinterpret pc=0x0000000119b21844 method=javax.swing.JComponent.getClientProperty(Ljava/lang/Object;)Ljava/lang/Object; @ 16
Event: 11.604 Thread 0x00007fa3e8a5a000 Uncommon trap: reason=class_check action=maybe_recompile pc=0x000000011990d098 method=java.lang.String.equals(Ljava/lang/Object;)Z @ 8

Internal exceptions (10 events):
Event: 5.680 Thread 0x00007fa3e8a5a000 Exception <a 'java/io/FileNotFoundException'> (0x000000076bc756d0) thrown at [/Users/java_re/workspace/8-2-build-macosx-x86_64/jdk8u45/3457/hotspot/src/share/vm/prims/jni.cpp, line 709]
Event: 5.682 Thread 0x00007fa3e8a5a000 Exception <a 'java/io/FileNotFoundException'> (0x000000076bc780d0) thrown at [/Users/java_re/workspace/8-2-build-macosx-x86_64/jdk8u45/3457/hotspot/src/share/vm/prims/jni.cpp, line 709]
Event: 5.684 Thread 0x00007fa3e8a5a000 Exception <a 'java/io/FileNotFoundException'> (0x000000076bc84e70) thrown at [/Users/java_re/workspace/8-2-build-macosx-x86_64/jdk8u45/3457/hotspot/src/share/vm/prims/jni.cpp, line 709]
Event: 5.685 Thread 0x00007fa3e8a5a000 Exception <a 'java/io/FileNotFoundException'> (0x000000076bc87740) thrown at [/Users/java_re/workspace/8-2-build-macosx-x86_64/jdk8u45/3457/hotspot/src/share/vm/prims/jni.cpp, line 709]
Event: 11.684 Thread 0x00007fa3e8a5a000 Exception <a 'java/io/FileNotFoundException'> (0x000000076c0cf840) thrown at [/Users/java_re/workspace/8-2-build-macosx-x86_64/jdk8u45/3457/hotspot/src/share/vm/prims/jni.cpp, line 709]
Event: 11.685 Thread 0x00007fa3e8a5a000 Exception <a 'java/io/FileNotFoundException'> (0x000000076c0d22a0) thrown at [/Users/java_re/workspace/8-2-build-macosx-x86_64/jdk8u45/3457/hotspot/src/share/vm/prims/jni.cpp, line 709]
Event: 155.202 Thread 0x00007fa3e8a5a000 Exception <a 'java/io/FileNotFoundException'> (0x000000076c4cc400) thrown at [/Users/java_re/workspace/8-2-build-macosx-x86_64/jdk8u45/3457/hotspot/src/share/vm/prims/jni.cpp, line 709]
Event: 155.203 Thread 0x00007fa3e8a5a000 Exception <a 'java/io/FileNotFoundException'> (0x000000076c4cee60) thrown at [/Users/java_re/workspace/8-2-build-macosx-x86_64/jdk8u45/3457/hotspot/src/share/vm/prims/jni.cpp, line 709]
Event: 267.214 Thread 0x00007fa3e8a5a000 Exception <a 'java/io/IOException': Device not configured in writeArray> (0x000000076c6219d0) thrown at [/Users/java_re/workspace/8-2-build-macosx-x86_64/jdk8u45/3457/hotspot/src/share/vm/prims/jni.cpp, line 735]
Event: 267.215 Thread 0x00007fa3e8a5a000 Exception <a 'java/io/IOException': Device not configured in nativeDrain> (0x000000076c621e00) thrown at [/Users/java_re/workspace/8-2-build-macosx-x86_64/jdk8u45/3457/hotspot/src/share/vm/prims/jni.cpp, line 735]

Events (10 events):
Event: 154.401 Executing VM operation: Deoptimize
Event: 154.402 Executing VM operation: Deoptimize done
Event: 154.402 loading class java/awt/Scrollbar
Event: 154.402 loading class java/awt/Scrollbar done
Event: 155.206 Thread 0x00007fa3e838d000 Thread added: 0x00007fa3e838d000
Event: 253.520 Executing VM operation: RevokeBias
Event: 253.520 Executing VM operation: RevokeBias done
Event: 253.520 Thread 0x00007fa3e838d000 Thread exited: 0x00007fa3e838d000
Event: 267.214 loading class java/io/InterruptedIOException
Event: 267.215 loading class java/io/InterruptedIOException done


Dynamic libraries:
0x0000000020023000 	/System/Library/Frameworks/Cocoa.framework/Versions/A/Cocoa
0x0000000020023000 	/System/Library/Frameworks/Security.framework/Versions/A/Security
0x0000000020023000 	/System/Library/Frameworks/ApplicationServices.framework/Versions/A/ApplicationServices
0x0000000020023000 	/usr/lib/libz.1.dylib
0x0000000020023000 	/usr/lib/libSystem.B.dylib
0x0000000020023000 	/usr/lib/libobjc.A.dylib
0x0000000020023000 	/System/Library/Frameworks/CoreFoundation.framework/Versions/A/CoreFoundation
0x0000000020023000 	/System/Library/Frameworks/Foundation.framework/Versions/C/Foundation
0x0000000020023000 	/System/Library/Frameworks/AppKit.framework/Versions/C/AppKit
0x0000000020023000 	/System/Library/Frameworks/CoreData.framework/Versions/A/CoreData
0x0000000020023000 	/System/Library/PrivateFrameworks/RemoteViewServices.framework/Versions/A/RemoteViewServices
0x0000000020023000 	/System/Library/PrivateFrameworks/UIFoundation.framework/Versions/A/UIFoundation
0x0000000020023000 	/System/Library/PrivateFrameworks/XCTTargetBootstrap.framework/Versions/A/XCTTargetBootstrap
0x0000000020023000 	/System/Library/PrivateFrameworks/IconServices.framework/Versions/A/IconServices
0x0000000020023000 	/System/Library/Frameworks/Metal.framework/Versions/A/Metal
0x0000000020023000 	/System/Library/PrivateFrameworks/DesktopServicesPriv.framework/Versions/A/DesktopServicesPriv
0x0000000020023000 	/usr/lib/libenergytrace.dylib
0x0000000020023000 	/System/Library/PrivateFrameworks/SkyLight.framework/Versions/A/SkyLight
0x0000000020023000 	/System/Library/Frameworks/CoreGraphics.framework/Versions/A/CoreGraphics
0x0000000020023000 	/System/Library/Frameworks/Accelerate.framework/Versions/A/Accelerate
0x0000000020023000 	/System/Library/Frameworks/IOSurface.framework/Versions/A/IOSurface
0x0000000020023000 	/System/Library/PrivateFrameworks/DFRFoundation.framework/Versions/A/DFRFoundation
0x0000000020023000 	/System/Library/Frameworks/AudioToolbox.framework/Versions/A/AudioToolbox
0x0000000020023000 	/System/Library/Frameworks/AudioUnit.framework/Versions/A/AudioUnit
0x0000000020023000 	/System/Library/PrivateFrameworks/DataDetectorsCore.framework/Versions/A/DataDetectorsCore
0x0000000020023000 	/System/Library/Frameworks/Carbon.framework/Versions/A/Frameworks/HIToolbox.framework/Versions/A/HIToolbox
0x0000000020023000 	/usr/lib/libicucore.A.dylib
0x0000000020023000 	/System/Library/Frameworks/QuartzCore.framework/Versions/A/QuartzCore
0x0000000020023000 	/System/Library/Frameworks/Carbon.framework/Versions/A/Frameworks/SpeechRecognition.framework/Versions/A/SpeechRecognition
0x0000000020023000 	/usr/lib/libauto.dylib
0x0000000020023000 	/usr/lib/libxml2.2.dylib
0x0000000020023000 	/System/Library/PrivateFrameworks/CoreUI.framework/Versions/A/CoreUI
0x0000000020023000 	/System/Library/Frameworks/CoreAudio.framework/Versions/A/CoreAudio
0x0000000020023000 	/System/Library/Frameworks/DiskArbitration.framework/Versions/A/DiskArbitration
0x0000000020023000 	/usr/lib/liblangid.dylib
0x0000000020023000 	/System/Library/PrivateFrameworks/MultitouchSupport.framework/Versions/A/MultitouchSupport
0x0000000020023000 	/System/Library/Frameworks/IOKit.framework/Versions/A/IOKit
0x0000000020023000 	/usr/lib/libDiagnosticMessagesClient.dylib
0x0000000020023000 	/System/Library/Frameworks/CoreServices.framework/Versions/A/CoreServices
0x0000000020023000 	/System/Library/PrivateFrameworks/PerformanceAnalysis.framework/Versions/A/PerformanceAnalysis
0x0000000020023000 	/System/Library/Frameworks/OpenGL.framework/Versions/A/OpenGL
0x0000000020023000 	/System/Library/Frameworks/ColorSync.framework/Versions/A/ColorSync
0x0000000020023000 	/System/Library/Frameworks/CoreImage.framework/Versions/A/CoreImage
0x0000000020023000 	/System/Library/Frameworks/CoreText.framework/Versions/A/CoreText
0x0000000020023000 	/System/Library/Frameworks/ImageIO.framework/Versions/A/ImageIO
0x0000000020023000 	/System/Library/PrivateFrameworks/Backup.framework/Versions/A/Backup
0x0000000020023000 	/usr/lib/libarchive.2.dylib
0x0000000020023000 	/System/Library/Frameworks/CFNetwork.framework/Versions/A/CFNetwork
0x0000000020023000 	/System/Library/Frameworks/SystemConfiguration.framework/Versions/A/SystemConfiguration
0x0000000020023000 	/usr/lib/libCRFSuite.dylib
0x0000000020023000 	/usr/lib/libc++.1.dylib
0x0000000020023000 	/usr/lib/libc++abi.dylib
0x0000000020023000 	/usr/lib/system/libcache.dylib
0x0000000020023000 	/usr/lib/system/libcommonCrypto.dylib
0x0000000020023000 	/usr/lib/system/libcompiler_rt.dylib
0x0000000020023000 	/usr/lib/system/libcopyfile.dylib
0x0000000020023000 	/usr/lib/system/libcorecrypto.dylib
0x0000000020023000 	/usr/lib/system/libdispatch.dylib
0x0000000020023000 	/usr/lib/system/libdyld.dylib
0x0000000020023000 	/usr/lib/system/libkeymgr.dylib
0x0000000020023000 	/usr/lib/system/liblaunch.dylib
0x0000000020023000 	/usr/lib/system/libmacho.dylib
0x0000000020023000 	/usr/lib/system/libquarantine.dylib
0x0000000020023000 	/usr/lib/system/libremovefile.dylib
0x0000000020023000 	/usr/lib/system/libsystem_asl.dylib
0x0000000020023000 	/usr/lib/system/libsystem_blocks.dylib
0x0000000020023000 	/usr/lib/system/libsystem_c.dylib
0x0000000020023000 	/usr/lib/system/libsystem_configuration.dylib
0x0000000020023000 	/usr/lib/system/libsystem_coreservices.dylib
0x0000000020023000 	/usr/lib/system/libsystem_darwin.dylib
0x0000000020023000 	/usr/lib/system/libsystem_dnssd.dylib
0x0000000020023000 	/usr/lib/system/libsystem_info.dylib
0x0000000020023000 	/usr/lib/system/libsystem_m.dylib
0x0000000020023000 	/usr/lib/system/libsystem_malloc.dylib
0x0000000020023000 	/usr/lib/system/libsystem_networkextension.dylib
0x0000000020023000 	/usr/lib/system/libsystem_notify.dylib
0x0000000020023000 	/usr/lib/system/libsystem_sandbox.dylib
0x0000000020023000 	/usr/lib/system/libsystem_secinit.dylib
0x0000000020023000 	/usr/lib/system/libsystem_kernel.dylib
0x0000000020023000 	/usr/lib/system/libsystem_platform.dylib
0x0000000020023000 	/usr/lib/system/libsystem_pthread.dylib
0x0000000020023000 	/usr/lib/system/libsystem_symptoms.dylib
0x0000000020023000 	/usr/lib/system/libsystem_trace.dylib
0x0000000020023000 	/usr/lib/system/libunwind.dylib
0x0000000020023000 	/usr/lib/system/libxpc.dylib
0x0000000020023000 	/usr/lib/libbsm.0.dylib
0x0000000020023000 	/usr/lib/system/libkxld.dylib
0x0000000020023000 	/System/Library/PrivateFrameworks/AppleFSCompression.framework/Versions/A/AppleFSCompression
0x0000000020023000 	/usr/lib/libOpenScriptingUtil.dylib
0x0000000020023000 	/usr/lib/libcoretls.dylib
0x0000000020023000 	/usr/lib/libcoretls_cfhelpers.dylib
0x0000000020023000 	/usr/lib/libpam.2.dylib
0x0000000020023000 	/usr/lib/libsqlite3.dylib
0x0000000020023000 	/usr/lib/libxar.1.dylib
0x0000000020023000 	/usr/lib/libbz2.1.0.dylib
0x0000000020023000 	/usr/lib/liblzma.5.dylib
0x0000000020023000 	/usr/lib/libnetwork.dylib
0x0000000020023000 	/usr/lib/libapple_nghttp2.dylib
0x0000000020023000 	/usr/lib/libpcap.A.dylib
0x0000000020023000 	/System/Library/Frameworks/CoreServices.framework/Versions/A/Frameworks/FSEvents.framework/Versions/A/FSEvents
0x0000000020023000 	/System/Library/Frameworks/CoreServices.framework/Versions/A/Frameworks/CarbonCore.framework/Versions/A/CarbonCore
0x0000000020023000 	/System/Library/Frameworks/CoreServices.framework/Versions/A/Frameworks/Metadata.framework/Versions/A/Metadata
0x0000000020023000 	/System/Library/Frameworks/CoreServices.framework/Versions/A/Frameworks/OSServices.framework/Versions/A/OSServices
0x0000000020023000 	/System/Library/Frameworks/CoreServices.framework/Versions/A/Frameworks/SearchKit.framework/Versions/A/SearchKit
0x0000000020023000 	/System/Library/Frameworks/CoreServices.framework/Versions/A/Frameworks/AE.framework/Versions/A/AE
0x0000000020023000 	/System/Library/Frameworks/CoreServices.framework/Versions/A/Frameworks/LaunchServices.framework/Versions/A/LaunchServices
0x0000000020023000 	/System/Library/Frameworks/CoreServices.framework/Versions/A/Frameworks/DictionaryServices.framework/Versions/A/DictionaryServices
0x0000000020023000 	/System/Library/Frameworks/CoreServices.framework/Versions/A/Frameworks/SharedFileList.framework/Versions/A/SharedFileList
0x0000000020023000 	/System/Library/Frameworks/NetFS.framework/Versions/A/NetFS
0x0000000020023000 	/System/Library/PrivateFrameworks/NetAuth.framework/Versions/A/NetAuth
0x0000000020023000 	/System/Library/PrivateFrameworks/login.framework/Versions/A/Frameworks/loginsupport.framework/Versions/A/loginsupport
0x0000000020023000 	/System/Library/PrivateFrameworks/TCC.framework/Versions/A/TCC
0x0000000020023000 	/System/Library/PrivateFrameworks/CoreNLP.framework/Versions/A/CoreNLP
0x0000000020023000 	/System/Library/PrivateFrameworks/MetadataUtilities.framework/Versions/A/MetadataUtilities
0x0000000020023000 	/usr/lib/libmecabra.dylib
0x0000000020023000 	/System/Library/Frameworks/ApplicationServices.framework/Versions/A/Frameworks/ATS.framework/Versions/A/ATS
0x0000000020023000 	/System/Library/Frameworks/ApplicationServices.framework/Versions/A/Frameworks/ColorSyncLegacy.framework/Versions/A/ColorSyncLegacy
0x0000000020023000 	/System/Library/Frameworks/ApplicationServices.framework/Versions/A/Frameworks/HIServices.framework/Versions/A/HIServices
0x0000000020023000 	/System/Library/Frameworks/ApplicationServices.framework/Versions/A/Frameworks/LangAnalysis.framework/Versions/A/LangAnalysis
0x0000000020023000 	/System/Library/Frameworks/ApplicationServices.framework/Versions/A/Frameworks/PrintCore.framework/Versions/A/PrintCore
0x0000000020023000 	/System/Library/Frameworks/ApplicationServices.framework/Versions/A/Frameworks/QD.framework/Versions/A/QD
0x0000000020023000 	/System/Library/Frameworks/ApplicationServices.framework/Versions/A/Frameworks/SpeechSynthesis.framework/Versions/A/SpeechSynthesis
0x0000000020023000 	/usr/lib/libcompression.dylib
0x0000000020023000 	/System/Library/Frameworks/CoreDisplay.framework/Versions/A/CoreDisplay
0x0000000020023000 	/System/Library/Frameworks/MetalPerformanceShaders.framework/Versions/A/MetalPerformanceShaders
0x0000000020023000 	/System/Library/Frameworks/Accelerate.framework/Versions/A/Frameworks/vImage.framework/Versions/A/vImage
0x0000000020023000 	/System/Library/Frameworks/Accelerate.framework/Versions/A/Frameworks/vecLib.framework/Versions/A/vecLib
0x0000000020023000 	/System/Library/Frameworks/Accelerate.framework/Versions/A/Frameworks/vecLib.framework/Versions/A/libvMisc.dylib
0x0000000020023000 	/System/Library/Frameworks/Accelerate.framework/Versions/A/Frameworks/vecLib.framework/Versions/A/libvDSP.dylib
0x0000000020023000 	/System/Library/Frameworks/Accelerate.framework/Versions/A/Frameworks/vecLib.framework/Versions/A/libBLAS.dylib
0x0000000020023000 	/System/Library/Frameworks/Accelerate.framework/Versions/A/Frameworks/vecLib.framework/Versions/A/libLAPACK.dylib
0x0000000020023000 	/System/Library/Frameworks/Accelerate.framework/Versions/A/Frameworks/vecLib.framework/Versions/A/libLinearAlgebra.dylib
0x0000000020023000 	/System/Library/Frameworks/Accelerate.framework/Versions/A/Frameworks/vecLib.framework/Versions/A/libSparseBLAS.dylib
0x0000000020023000 	/System/Library/Frameworks/Accelerate.framework/Versions/A/Frameworks/vecLib.framework/Versions/A/libQuadrature.dylib
0x0000000020023000 	/System/Library/Frameworks/Accelerate.framework/Versions/A/Frameworks/vecLib.framework/Versions/A/libBNNS.dylib
0x0000000020023000 	/System/Library/Frameworks/Accelerate.framework/Versions/A/Frameworks/vecLib.framework/Versions/A/libSparse.dylib
0x0000000020023000 	/System/Library/PrivateFrameworks/GPUWrangler.framework/Versions/A/GPUWrangler
0x0000000020023000 	/System/Library/PrivateFrameworks/IOAccelerator.framework/Versions/A/IOAccelerator
0x0000000020023000 	/System/Library/PrivateFrameworks/IOPresentment.framework/Versions/A/IOPresentment
0x0000000020023000 	/System/Library/PrivateFrameworks/DSExternalDisplay.framework/Versions/A/DSExternalDisplay
0x0000000020023000 	/System/Library/Frameworks/OpenGL.framework/Versions/A/Libraries/libCoreFSCache.dylib
0x0000000020023000 	/System/Library/Frameworks/MetalPerformanceShaders.framework/Frameworks/MPSCore.framework/Versions/A/MPSCore
0x0000000020023000 	/System/Library/Frameworks/MetalPerformanceShaders.framework/Frameworks/MPSImage.framework/Versions/A/MPSImage
0x0000000020023000 	/System/Library/Frameworks/MetalPerformanceShaders.framework/Frameworks/MPSNeuralNetwork.framework/Versions/A/MPSNeuralNetwork
0x0000000020023000 	/System/Library/Frameworks/MetalPerformanceShaders.framework/Frameworks/MPSMatrix.framework/Versions/A/MPSMatrix
0x0000000020023000 	/System/Library/Frameworks/MetalPerformanceShaders.framework/Frameworks/MPSRayIntersector.framework/Versions/A/MPSRayIntersector
0x0000000020023000 	/System/Library/PrivateFrameworks/MetalTools.framework/Versions/A/MetalTools
0x0000000020023000 	/System/Library/PrivateFrameworks/AggregateDictionary.framework/Versions/A/AggregateDictionary
0x0000000020023000 	/usr/lib/libMobileGestalt.dylib
0x0000000020023000 	/System/Library/Frameworks/CoreVideo.framework/Versions/A/CoreVideo
0x0000000020023000 	/System/Library/PrivateFrameworks/GraphVisualizer.framework/Versions/A/GraphVisualizer
0x0000000020023000 	/System/Library/PrivateFrameworks/FaceCore.framework/Versions/A/FaceCore
0x0000000020023000 	/System/Library/Frameworks/OpenCL.framework/Versions/A/OpenCL
0x0000000020023000 	/usr/lib/libFosl_dynamic.dylib
0x0000000020023000 	/System/Library/PrivateFrameworks/OTSVG.framework/Versions/A/OTSVG
0x0000000020023000 	/System/Library/Frameworks/ApplicationServices.framework/Versions/A/Frameworks/ATS.framework/Versions/A/Resources/libFontParser.dylib
0x0000000020023000 	/System/Library/Frameworks/ApplicationServices.framework/Versions/A/Frameworks/ATS.framework/Versions/A/Resources/libFontRegistry.dylib
0x0000000020023000 	/System/Library/Frameworks/ImageIO.framework/Versions/A/Resources/libJPEG.dylib
0x0000000020023000 	/System/Library/Frameworks/ImageIO.framework/Versions/A/Resources/libTIFF.dylib
0x0000000020023000 	/System/Library/Frameworks/ImageIO.framework/Versions/A/Resources/libPng.dylib
0x0000000020023000 	/System/Library/Frameworks/ImageIO.framework/Versions/A/Resources/libGIF.dylib
0x0000000020023000 	/System/Library/Frameworks/ImageIO.framework/Versions/A/Resources/libJP2.dylib
0x0000000020023000 	/System/Library/Frameworks/ImageIO.framework/Versions/A/Resources/libRadiance.dylib
0x0000000020023000 	/System/Library/PrivateFrameworks/AppleJPEG.framework/Versions/A/AppleJPEG
0x0000000020023000 	/System/Library/Frameworks/OpenGL.framework/Versions/A/Libraries/libGFXShared.dylib
0x0000000020023000 	/System/Library/Frameworks/OpenGL.framework/Versions/A/Libraries/libGLU.dylib
0x0000000020023000 	/System/Library/Frameworks/OpenGL.framework/Versions/A/Libraries/libGL.dylib
0x0000000020023000 	/System/Library/Frameworks/OpenGL.framework/Versions/A/Libraries/libGLImage.dylib
0x0000000020023000 	/System/Library/Frameworks/OpenGL.framework/Versions/A/Libraries/libCVMSPluginSupport.dylib
0x0000000020023000 	/System/Library/Frameworks/OpenGL.framework/Versions/A/Libraries/libCoreVMClient.dylib
0x0000000020023000 	/usr/lib/libcups.2.dylib
0x0000000020023000 	/System/Library/Frameworks/Kerberos.framework/Versions/A/Kerberos
0x0000000020023000 	/System/Library/Frameworks/GSS.framework/Versions/A/GSS
0x0000000020023000 	/usr/lib/libresolv.9.dylib
0x0000000020023000 	/usr/lib/libiconv.2.dylib
0x0000000020023000 	/System/Library/PrivateFrameworks/Heimdal.framework/Versions/A/Heimdal
0x0000000020023000 	/usr/lib/libheimdal-asn1.dylib
0x0000000020023000 	/System/Library/Frameworks/OpenDirectory.framework/Versions/A/OpenDirectory
0x0000000020023000 	/System/Library/PrivateFrameworks/CommonAuth.framework/Versions/A/CommonAuth
0x0000000020023000 	/System/Library/Frameworks/OpenDirectory.framework/Versions/A/Frameworks/CFOpenDirectory.framework/Versions/A/CFOpenDirectory
0x0000000020023000 	/System/Library/Frameworks/SecurityFoundation.framework/Versions/A/SecurityFoundation
0x0000000020023000 	/System/Library/PrivateFrameworks/APFS.framework/Versions/A/APFS
0x0000000020023000 	/usr/lib/libutil.dylib
0x0000000020023000 	/usr/lib/libcharset.1.dylib
0x0000000020023000 	/System/Library/PrivateFrameworks/AppleSauce.framework/Versions/A/AppleSauce
0x0000000020023000 	/System/Library/PrivateFrameworks/AssertionServices.framework/Versions/A/AssertionServices
0x0000000020023000 	/System/Library/PrivateFrameworks/BaseBoard.framework/Versions/A/BaseBoard
0x0000000020023000 	/usr/lib/libmecab.1.0.0.dylib
0x0000000020023000 	/usr/lib/libgermantok.dylib
0x0000000020023000 	/usr/lib/libThaiTokenizer.dylib
0x0000000020023000 	/usr/lib/libChineseTokenizer.dylib
0x0000000020023000 	/System/Library/PrivateFrameworks/LanguageModeling.framework/Versions/A/LanguageModeling
0x0000000020023000 	/System/Library/PrivateFrameworks/CoreEmoji.framework/Versions/A/CoreEmoji
0x0000000020023000 	/System/Library/PrivateFrameworks/Lexicon.framework/Versions/A/Lexicon
0x0000000020023000 	/System/Library/PrivateFrameworks/LinguisticData.framework/Versions/A/LinguisticData
0x0000000020023000 	/usr/lib/libcmph.dylib
0x0000000020023000 	/System/Library/Frameworks/ServiceManagement.framework/Versions/A/ServiceManagement
0x0000000020023000 	/System/Library/PrivateFrameworks/BackgroundTaskManagement.framework/Versions/A/BackgroundTaskManagement
0x0000000020023000 	/usr/lib/libxslt.1.dylib
0x0000000020023000 	/System/Library/Frameworks/Carbon.framework/Versions/A/Frameworks/Ink.framework/Versions/A/Ink
0x0000000020023000 	/System/Library/PrivateFrameworks/TextureIO.framework/Versions/A/TextureIO
0x0000000020023000 	/usr/lib/libate.dylib
0x0000000020023000 	/System/Library/PrivateFrameworks/CrashReporterSupport.framework/Versions/A/CrashReporterSupport
0x0000000020023000 	/System/Library/PrivateFrameworks/Sharing.framework/Versions/A/Sharing
0x0000000020023000 	/System/Library/PrivateFrameworks/AuthKit.framework/Versions/A/AuthKit
0x0000000020023000 	/System/Library/PrivateFrameworks/Apple80211.framework/Versions/A/Apple80211
0x0000000020023000 	/System/Library/PrivateFrameworks/CoreUtils.framework/Versions/A/CoreUtils
0x0000000020023000 	/System/Library/Frameworks/CoreWLAN.framework/Versions/A/CoreWLAN
0x0000000020023000 	/System/Library/Frameworks/IOBluetooth.framework/Versions/A/IOBluetooth
0x0000000020023000 	/System/Library/PrivateFrameworks/ProtocolBuffer.framework/Versions/A/ProtocolBuffer
0x0000000020023000 	/System/Library/PrivateFrameworks/MobileKeyBag.framework/Versions/A/MobileKeyBag
0x0000000020023000 	/System/Library/PrivateFrameworks/CorePhoneNumbers.framework/Versions/A/CorePhoneNumbers
0x0000000020023000 	/System/Library/PrivateFrameworks/AppleIDAuthSupport.framework/Versions/A/AppleIDAuthSupport
0x0000000020023000 	/System/Library/PrivateFrameworks/KeychainCircle.framework/Versions/A/KeychainCircle
0x0000000020023000 	/System/Library/PrivateFrameworks/ROCKit.framework/Versions/A/ROCKit
0x0000000020023000 	/System/Library/PrivateFrameworks/CoreWiFi.framework/Versions/A/CoreWiFi
0x0000000020023000 	/System/Library/Frameworks/CoreBluetooth.framework/Versions/A/CoreBluetooth
0x0000000020023000 	/System/Library/PrivateFrameworks/DebugSymbols.framework/Versions/A/DebugSymbols
0x0000000020023000 	/System/Library/PrivateFrameworks/CoreSymbolication.framework/Versions/A/CoreSymbolication
0x0000000020023000 	/System/Library/PrivateFrameworks/Symbolication.framework/Versions/A/Symbolication
0x0000000020023000 	/System/Library/PrivateFrameworks/SpeechRecognitionCore.framework/Versions/A/SpeechRecognitionCore
0x000000010e000000 	/Library/Java/JavaVirtualMachines/jdk1.8.0_45.jdk/Contents/Home/jre/lib/server/libjvm.dylib
0x0000000020023000 	/usr/lib/libstdc++.6.dylib
0x000000010d7c2000 	/Library/Java/JavaVirtualMachines/jdk1.8.0_45.jdk/Contents/Home/jre/lib/libverify.dylib
0x000000010ef69000 	/Library/Java/JavaVirtualMachines/jdk1.8.0_45.jdk/Contents/Home/jre/lib/libjava.dylib
0x000000010d7da000 	/Library/Java/JavaVirtualMachines/jdk1.8.0_45.jdk/Contents/Home/jre/lib/libzip.dylib
0x0000000020023000 	/System/Library/Frameworks/JavaVM.framework/Versions/A/Frameworks/JavaRuntimeSupport.framework/Versions/A/JavaRuntimeSupport
0x0000000020023000 	/System/Library/Frameworks/JavaVM.framework/Versions/A/Frameworks/JavaNativeFoundation.framework/Versions/A/JavaNativeFoundation
0x0000000020023000 	/System/Library/Frameworks/JavaVM.framework/Versions/A/JavaVM
0x0000000020023000 	/System/Library/Frameworks/Carbon.framework/Versions/A/Carbon
0x0000000020023000 	/System/Library/PrivateFrameworks/JavaLaunching.framework/Versions/A/JavaLaunching
0x0000000020023000 	/System/Library/Frameworks/Carbon.framework/Versions/A/Frameworks/CommonPanels.framework/Versions/A/CommonPanels
0x0000000020023000 	/System/Library/Frameworks/Carbon.framework/Versions/A/Frameworks/Help.framework/Versions/A/Help
0x0000000020023000 	/System/Library/Frameworks/Carbon.framework/Versions/A/Frameworks/ImageCapture.framework/Versions/A/ImageCapture
0x0000000020023000 	/System/Library/Frameworks/Carbon.framework/Versions/A/Frameworks/OpenScripting.framework/Versions/A/OpenScripting
0x0000000020023000 	/System/Library/Frameworks/Carbon.framework/Versions/A/Frameworks/Print.framework/Versions/A/Print
0x0000000020023000 	/System/Library/Frameworks/Carbon.framework/Versions/A/Frameworks/SecurityHI.framework/Versions/A/SecurityHI
0x000000012b0d9000 	/Library/Java/JavaVirtualMachines/jdk1.8.0_45.jdk/Contents/Home/jre/lib/libawt.dylib
0x000000012b181000 	/Library/Java/JavaVirtualMachines/jdk1.8.0_45.jdk/Contents/Home/jre/lib/./libmlib_image.dylib
0x000000012b24d000 	/Library/Java/JavaVirtualMachines/jdk1.8.0_45.jdk/Contents/Home/jre/lib/libawt_lwawt.dylib
0x000000012b301000 	/Library/Java/JavaVirtualMachines/jdk1.8.0_45.jdk/Contents/Home/jre/lib/./libosxapp.dylib
0x0000000020023000 	/System/Library/Frameworks/ExceptionHandling.framework/Versions/A/ExceptionHandling
0x0000000020023000 	/System/Library/PrivateFrameworks/CoreServicesInternal.framework/Versions/A/CoreServicesInternal
0x0000000020023000 	/System/Library/CoreServices/RawCamera.bundle/Contents/MacOS/RawCamera
0x0000000020023000 	/System/Library/PrivateFrameworks/MobileAsset.framework/Versions/A/MobileAsset
0x0000000020023000 	/System/Library/PrivateFrameworks/StreamingZip.framework/Versions/A/StreamingZip
0x0000000020023000 	/System/Library/Frameworks/MediaToolbox.framework/Versions/A/MediaToolbox
0x0000000020023000 	/System/Library/PrivateFrameworks/CoreAVCHD.framework/Versions/A/CoreAVCHD
0x0000000020023000 	/System/Library/Frameworks/MediaAccessibility.framework/Versions/A/MediaAccessibility
0x0000000020023000 	/System/Library/PrivateFrameworks/Mangrove.framework/Versions/A/Mangrove
0x0000000020023000 	/System/Library/Frameworks/CoreMedia.framework/Versions/A/CoreMedia
0x0000000020023000 	/System/Library/Frameworks/VideoToolbox.framework/Versions/A/VideoToolbox
0x0000000020023000 	/System/Library/PrivateFrameworks/CoreAUC.framework/Versions/A/CoreAUC
0x0000000020023000 	/usr/lib/libspindump.dylib
0x0000000020023000 	/System/Library/PrivateFrameworks/AppleVA.framework/Versions/A/AppleVA
0x0000000020023000 	/System/Library/Frameworks/Accelerate.framework/Versions/A/Frameworks/vImage.framework/Versions/A/Libraries/libCGInterfaces.dylib
0x0000000020023000 	/System/Library/Frameworks/ApplicationServices.framework/Versions/A/Frameworks/ATS.framework/Versions/A/Resources/libTrueTypeScaler.dylib
0x0000000020023000 	/System/Library/Extensions/AppleIntelKBLGraphicsMTLDriver.bundle/Contents/MacOS/AppleIntelKBLGraphicsMTLDriver
0x0000000020023000 	/System/Library/PrivateFrameworks/GPUCompiler.framework/Versions/3902/Libraries/libmetal_timestamp.dylib
0x0000000020023000 	/System/Library/PrivateFrameworks/FamilyControls.framework/Versions/A/FamilyControls
0x0000000020023000 	/System/Library/PrivateFrameworks/CommerceKit.framework/Versions/A/Frameworks/CommerceCore.framework/Versions/A/CommerceCore
0x0000000020023000 	/System/Library/PrivateFrameworks/SystemAdministration.framework/Versions/A/SystemAdministration
0x0000000020023000 	/System/Library/PrivateFrameworks/AppContainer.framework/Versions/A/AppContainer
0x0000000020023000 	/System/Library/PrivateFrameworks/AppSandbox.framework/Versions/A/AppSandbox
0x0000000020023000 	/System/Library/PrivateFrameworks/SecCodeWrapper.framework/Versions/A/SecCodeWrapper
0x0000000020023000 	/usr/lib/libsandbox.1.dylib
0x0000000020023000 	/usr/lib/libMatch.1.dylib
0x0000000020023000 	/System/Library/PrivateFrameworks/DiskManagement.framework/Versions/A/DiskManagement
0x0000000020023000 	/System/Library/Frameworks/DirectoryService.framework/Versions/A/DirectoryService
0x0000000020023000 	/System/Library/PrivateFrameworks/DiskImages.framework/Versions/A/DiskImages
0x0000000020023000 	/System/Library/PrivateFrameworks/LoginUIKit.framework/Versions/A/Frameworks/LoginUICore.framework/Versions/A/LoginUICore
0x0000000020023000 	/usr/lib/libCoreStorage.dylib
0x0000000020023000 	/usr/lib/libcsfde.dylib
0x0000000020023000 	/usr/lib/libodfde.dylib
0x0000000020023000 	/System/Library/PrivateFrameworks/MediaKit.framework/Versions/A/MediaKit
0x0000000020023000 	/System/Library/Frameworks/DiscRecording.framework/Versions/A/DiscRecording
0x0000000020023000 	/System/Library/PrivateFrameworks/EFILogin.framework/Versions/A/EFILogin
0x0000000020023000 	/System/Library/PrivateFrameworks/ProtectedCloudStorage.framework/Versions/A/ProtectedCloudStorage
0x0000000020023000 	/usr/lib/libcurl.4.dylib
0x0000000020023000 	/usr/lib/libcrypto.42.dylib
0x0000000020023000 	/usr/lib/libssl.44.dylib
0x0000000020023000 	/System/Library/Frameworks/LDAP.framework/Versions/A/LDAP
0x0000000020023000 	/System/Library/PrivateFrameworks/TrustEvaluationAgent.framework/Versions/A/TrustEvaluationAgent
0x0000000020023000 	/usr/lib/libsasl2.2.dylib
0x0000000020023000 	/System/Library/PrivateFrameworks/CoreDaemon.framework/Versions/B/CoreDaemon
0x0000000020023000 	/System/Library/PrivateFrameworks/AppleSRP.framework/Versions/A/AppleSRP
0x0000000020023000 	/System/Library/PrivateFrameworks/ViewBridge.framework/Versions/A/ViewBridge
0x000000012db99000 	/Library/Java/JavaVirtualMachines/jdk1.8.0_45.jdk/Contents/Home/jre/lib/libfontmanager.dylib
0x000000012dc00000 	/Library/Java/JavaVirtualMachines/jdk1.8.0_45.jdk/Contents/Home/jre/lib/libosxui.dylib
0x0000000020023000 	/System/Library/Frameworks/OpenGL.framework/Versions/A/Resources/GLEngine.bundle/GLEngine
0x0000000020023000 	/System/Library/Frameworks/OpenGL.framework/Versions/A/Libraries/libGLProgrammability.dylib
0x0000000020023000 	/System/Library/Extensions/AppleIntelKBLGraphicsGLDriver.bundle/Contents/MacOS/AppleIntelKBLGraphicsGLDriver
0x0000000020023000 	/System/Library/PrivateFrameworks/GPUSupport.framework/Versions/A/Libraries/libGPUSupportMercury.dylib
0x0000000020023000 	/System/Library/Frameworks/OpenGL.framework/Versions/A/Resources/GLRendererFloat.bundle/GLRendererFloat
0x0000000020023000 	/System/Library/Frameworks/OpenCL.framework/Versions/A/Libraries/libcldcpuengine.dylib
0x0000000020023000 	/usr/lib/libcrypto.35.dylib
0x000000012f30d000 	/Library/Java/JavaVirtualMachines/jdk1.8.0_45.jdk/Contents/Home/jre/lib/libnet.dylib
0x000000012f157000 	/Library/Java/JavaVirtualMachines/jdk1.8.0_45.jdk/Contents/Home/jre/lib/libnio.dylib
0x0000000020023000 	/System/Library/PrivateFrameworks/CloudDocs.framework/Versions/A/CloudDocs
0x0000000020023000 	/System/Library/PrivateFrameworks/FileProvider.framework/Versions/A/FileProvider
0x0000000020023000 	/System/Library/PrivateFrameworks/SpotlightIndex.framework/Versions/A/SpotlightIndex
0x0000000020023000 	/System/Library/PrivateFrameworks/SymptomDiagnosticReporter.framework/Versions/A/SymptomDiagnosticReporter
0x0000000020023000 	/System/Library/PrivateFrameworks/GenerationalStorage.framework/Versions/A/GenerationalStorage
0x0000000020023000 	/System/Library/PrivateFrameworks/ChunkingLibrary.framework/Versions/A/ChunkingLibrary
0x0000000020023000 	/System/Library/PrivateFrameworks/PowerLog.framework/Versions/A/PowerLog
0x0000000020023000 	/System/Library/PrivateFrameworks/CoreAnalytics.framework/Versions/A/CoreAnalytics
0x000000012d0f0000 	/usr/lib/libobjc-trampolines.dylib
0x000000012db01000 	/Library/Java/Extensions/librxtxSerial.jnilib
0x0000000130f45000 	/Library/Java/JavaVirtualMachines/jdk1.8.0_45.jdk/Contents/Home/jre/lib/libdcpr.dylib

VM Arguments:
jvm_args: -Dfile.encoding=UTF-8 
java_command: my.lasercontroller.LaserController
java_class_path (initial): /Users/bernanos/Downloads/tutorial1/Resources/ardulink.jar:/Users/bernanos/Downloads/tutorial1/Resources/RXTXcomm.jar:/Users/bernanos/Downloads/poi-4.1.0/poi-4.1.0.jar:/Users/bernanos/Downloads/poi-4.1.0/poi-ooxml-4.1.0.jar:/Users/bernanos/Downloads/poi-4.1.0/poi-ooxml-schemas-4.1.0.jar:/Users/bernanos/Downloads/poi-4.1.0/ooxml-lib/xmlbeans-3.1.0.jar:/Users/bernanos/Downloads/poi-4.1.0/lib/commons-collections4-4.3.jar:/Users/bernanos/Downloads/poi-4.1.0/lib/commons-compress-1.18.jar:/Users/bernanos/Documents/GitHub/LaserController/LaserController/build/classes
Launcher Type: SUN_STANDARD

Environment Variables:
PATH=/usr/bin:/bin:/usr/sbin:/sbin
LD_LIBRARY_PATH=/Library/Java/JavaVirtualMachines/jdk1.8.0_45.jdk/Contents/Home/jre/lib/amd64:/Library/Java/JavaVirtualMachines/jdk1.8.0_45.jdk/Contents/Home/jre/lib/i386:
SHELL=/bin/bash
DISPLAY=/private/tmp/com.apple.launchd.r15N7gLw9f/org.macosforge.xquartz:0

Signal Handlers:
SIGSEGV: [libjvm.dylib+0x58ef95], sa_mask[0]=11111111011111110111111111111111, sa_flags=SA_ONSTACK|SA_RESTART|SA_SIGINFO
SIGBUS: [libjvm.dylib+0x58ef95], sa_mask[0]=11111111011111110111111111111111, sa_flags=SA_RESTART|SA_SIGINFO
SIGFPE: [libjvm.dylib+0x46c108], sa_mask[0]=11111111011111110111111111111111, sa_flags=SA_RESTART|SA_SIGINFO
SIGPIPE: [libjvm.dylib+0x46c108], sa_mask[0]=11111111011111110111111111111111, sa_flags=SA_RESTART|SA_SIGINFO
SIGXFSZ: [libjvm.dylib+0x46c108], sa_mask[0]=11111111011111110111111111111111, sa_flags=SA_RESTART|SA_SIGINFO
SIGILL: [libjvm.dylib+0x46c108], sa_mask[0]=11111111011111110111111111111111, sa_flags=SA_RESTART|SA_SIGINFO
SIGUSR1: SIG_DFL, sa_mask[0]=00000000000000000000000000000000, sa_flags=none
SIGUSR2: [libjvm.dylib+0x46bc26], sa_mask[0]=00100000000000000000000000000000, sa_flags=SA_RESTART|SA_SIGINFO
SIGHUP: [libjvm.dylib+0x46a1f9], sa_mask[0]=11111111011111110111111111111111, sa_flags=SA_RESTART|SA_SIGINFO
SIGINT: SIG_IGN, sa_mask[0]=00000000000000000000000000000000, sa_flags=none
SIGTERM: [libjvm.dylib+0x46a1f9], sa_mask[0]=11111111011111110111111111111111, sa_flags=SA_RESTART|SA_SIGINFO
SIGQUIT: [libjvm.dylib+0x46a1f9], sa_mask[0]=11111111011111110111111111111111, sa_flags=SA_RESTART|SA_SIGINFO


---------------  S Y S T E M  ---------------

OS:Bsduname:Darwin 18.5.0 Darwin Kernel Version 18.5.0: Mon Mar 11 20:40:32 PDT 2019; root:xnu-4903.251.3~3/RELEASE_X86_64 x86_64
rlimit: STACK 8192k, CORE 0k, NPROC 1418, NOFILE 10240, AS infinity
load average:2.43 2.27 2.27

CPU:total 4 (2 cores per cpu, 2 threads per core) family 6 model 142 stepping 9, cmov, cx8, fxsr, mmx, sse, sse2, sse3, ssse3, sse4.1, sse4.2, popcnt, avx, avx2, aes, clmul, erms, 3dnowpref, lzcnt, ht, tsc, tscinvbit, bmi1, bmi2, adx

Memory: 4k page, physical 16777216k(350296k free)

/proc/meminfo:


vm_info: Java HotSpot(TM) 64-Bit Server VM (25.45-b02) for bsd-amd64 JRE (1.8.0_45-b14), built on Apr 10 2015 10:46:38 by "java_re" with gcc 4.2.1 (Based on Apple Inc. build 5658) (LLVM build 2336.11.00)

time: Fri Apr 12 17:48:13 2019
elapsed time: 267 seconds (0d 0h 4m 27s)

