#
# A fatal error has been detected by the Java Runtime Environment:
#
#  SIGSEGV (0xb) at pc=0x000000012ec03223, pid=4254, tid=56635
#
# JRE version: Java(TM) SE Runtime Environment (8.0_45-b14) (build 1.8.0_45-b14)
# Java VM: Java HotSpot(TM) 64-Bit Server VM (25.45-b02 mixed mode bsd-amd64 compressed oops)
# Problematic frame:
# C  [librxtxSerial.jnilib+0x2223]  Java_gnu_io_RXTXPort_nativeDrain+0x117
#
# Failed to write core dump. Core dumps have been disabled. To enable core dumping, try "ulimit -c unlimited" before starting Java again
#
# If you would like to submit a bug report, please visit:
#   http://bugreport.java.com/bugreport/crash.jsp
# The crash happened outside the Java Virtual Machine in native code.
# See problematic frame for where to report the bug.
#

---------------  T H R E A D  ---------------

Current thread (0x00007f9e91144000):  JavaThread "AWT-EventQueue-0" [_thread_in_native, id=56635, stack(0x0000700003078000,0x0000700003178000)]

siginfo: si_signo: 11 (SIGSEGV), si_code: 1 (SEGV_MAPERR), si_addr: 0x000070000340089c

Registers:
RAX=0x0000700003400730, RBX=0x0000000130b53c68, RCX=0x000000010f9fa190, RDX=0x0000000000000004
RSP=0x0000700003175340, RBP=0x00007000031756e0, RSI=0x0000000000000007, RDI=0x0000700003175298
R8 =0x0000700003174ee8, R9 =0x0000000000000000, R10=0x00007000031751a8, R11=0x00007f9d8283e24a
R12=0x0000000000000000, R13=0x0000000130b53c60, R14=0x0000700003175770, R15=0x00007f9e91144000
RIP=0x000000012ec03223, EFLAGS=0x0000000000010206, ERR=0x0000000000000004
  TRAPNO=0x000000000000000e

Top of Stack: (sp=0x0000700003175340)
0x0000700003175340:   408830e5da5a06ba 00007f9e90501910
0x0000700003175350:   0000700003175570 000000010f7da24b
0x0000700003175360:   000000076db16760 00000000000002df
0x0000700003175370:   0000700003175450 000000010f6ca61b
0x0000700003175380:   000000010faab2e0 0000005000000000
0x0000700003175390:   00007f9e90716770 000000010f7c02da
0x00007000031753a0:   0000700003175570 000000076db16760
0x00007000031753b0:   0000000000000017 0000000000000064
0x00007000031753c0:   0000000000000001 6a2720616db16760
0x00007000031753d0:   492f6f692f617661 697470656378454f
0x00007000031753e0:   0000000000276e6f 0000000000000000
0x00007000031753f0:   0000000000000000 0000000000000000
0x0000700003175400:   0000000000000000 0000000000000000
0x0000700003175410:   0000000000000101 0000000000000000
0x0000700003175420:   00007f9e92d97410 00007f9e92d97410
0x0000700003175430:   781c4745472a00d2 0000003000000030
0x0000700003175440:   0000700003175460 000000010f652c3e
0x0000700003175450:   00007000031754c0 00007000031754e8
0x0000700003175460:   0000700003175480 000000010f64d60e
0x0000700003175470:   00007000031754e8 00007000031754e8
0x0000700003175480:   00007000031754a0 000000010f3eae7c
0x0000700003175490:   00007f9e91144000 00007000031754e8
0x00007000031754a0:   00007f9e9061b2c0 00007f9e9061b2c0
0x00007000031754b0:   0000000000000008 00007000031756e8
0x00007000031754c0:   00007000031754e0 000000010f652c3e
0x00007000031754d0:   00007000031754e0 0000700003175568
0x00007000031754e0:   0000700003175770 00007f9e911441f8
0x00007000031754f0:   0000700003175568 0000700003175568
0x0000700003175500:   0000700003175520 000000010f3eae7c
0x0000700003175510:   00007f9e91144000 0000700003175568
0x0000700003175520:   0000700003175610 000000010f4d8741
0x0000700003175530:   0000000000000020 0000700003175768 

Instructions: (pc=0x000000012ec03223)
0x000000012ec03203:   fd ff ff 00 74 0f c7 85 6c fc ff ff 00 00 00 00
0x000000012ec03213:   e9 99 00 00 00 48 83 7d f0 00 74 2a 48 8b 45 f0
0x000000012ec03223:   8b 80 6c 01 00 00 85 c0 74 1c 48 8b 45 f0 c7 80
0x000000012ec03233:   6c 01 00 00 00 00 00 00 48 8b 45 f0 c7 80 70 01 

Register to memory mapping:

RAX=0x0000700003400730 is an unknown value
RBX={method} {0x0000000130b53c68} 'nativeDrain' '(Z)Z' in 'gnu/io/RXTXPort'
RCX=0x000000010f9fa190: UseMembar+0 in /Library/Java/JavaVirtualMachines/jdk1.8.0_45.jdk/Contents/Home/jre/lib/server/libjvm.dylib at 0x000000010f200000
RDX=0x0000000000000004 is an unknown value
RSP=0x0000700003175340 is pointing into the stack for thread: 0x00007f9e91144000
RBP=0x00007000031756e0 is pointing into the stack for thread: 0x00007f9e91144000
RSI=0x0000000000000007 is an unknown value
RDI=0x0000700003175298 is pointing into the stack for thread: 0x00007f9e91144000
R8 =0x0000700003174ee8 is pointing into the stack for thread: 0x00007f9e91144000
R9 =0x0000000000000000 is an unknown value
R10=0x00007000031751a8 is pointing into the stack for thread: 0x00007f9e91144000
R11=0x00007f9d8283e24a is an unknown value
R12=0x0000000000000000 is an unknown value
R13=0x0000000130b53c60 is pointing into metadata
R14=0x0000700003175770 is pointing into the stack for thread: 0x00007f9e91144000
R15=0x00007f9e91144000 is a thread


Stack: [0x0000700003078000,0x0000700003178000],  sp=0x0000700003175340,  free space=1012k
Native frames: (J=compiled Java code, j=interpreted, Vv=VM code, C=native code)
C  [librxtxSerial.jnilib+0x2223]  Java_gnu_io_RXTXPort_nativeDrain+0x117
j  gnu.io.RXTXPort.nativeDrain(Z)Z+0
j  gnu.io.RXTXPort$SerialOutputStream.flush()V+72
j  java.io.PrintStream.flush()V+12
j  my.lasercontroller.LaserController.sendData(Ljava/lang/String;)V+50
j  my.lasercontroller.LaserController.btnTest1ActionPerformed(Ljava/awt/event/ActionEvent;)V+84
j  my.lasercontroller.LaserController.access$100(Lmy/lasercontroller/LaserController;Ljava/awt/event/ActionEvent;)V+2
j  my.lasercontroller.LaserController$2.actionPerformed(Ljava/awt/event/ActionEvent;)V+5
j  javax.swing.AbstractButton.fireActionPerformed(Ljava/awt/event/ActionEvent;)V+83
j  javax.swing.AbstractButton$Handler.actionPerformed(Ljava/awt/event/ActionEvent;)V+5
j  javax.swing.DefaultButtonModel.fireActionPerformed(Ljava/awt/event/ActionEvent;)V+34
j  javax.swing.JToggleButton$ToggleButtonModel.setPressed(Z)V+148
j  javax.swing.plaf.basic.BasicButtonListener.mouseReleased(Ljava/awt/event/MouseEvent;)V+35
J 3361 C1 java.awt.Component.processMouseEvent(Ljava/awt/event/MouseEvent;)V (100 bytes) @ 0x000000011b5cda6c [0x000000011b5cd6e0+0x38c]

Java frames: (J=compiled Java code, j=interpreted, Vv=VM code)
j  gnu.io.RXTXPort.nativeDrain(Z)Z+0
j  gnu.io.RXTXPort$SerialOutputStream.flush()V+72
j  java.io.PrintStream.flush()V+12
j  my.lasercontroller.LaserController.sendData(Ljava/lang/String;)V+50
j  my.lasercontroller.LaserController.btnTest1ActionPerformed(Ljava/awt/event/ActionEvent;)V+84
j  my.lasercontroller.LaserController.access$100(Lmy/lasercontroller/LaserController;Ljava/awt/event/ActionEvent;)V+2
j  my.lasercontroller.LaserController$2.actionPerformed(Ljava/awt/event/ActionEvent;)V+5
j  javax.swing.AbstractButton.fireActionPerformed(Ljava/awt/event/ActionEvent;)V+83
j  javax.swing.AbstractButton$Handler.actionPerformed(Ljava/awt/event/ActionEvent;)V+5
j  javax.swing.DefaultButtonModel.fireActionPerformed(Ljava/awt/event/ActionEvent;)V+34
j  javax.swing.JToggleButton$ToggleButtonModel.setPressed(Z)V+148
j  javax.swing.plaf.basic.BasicButtonListener.mouseReleased(Ljava/awt/event/MouseEvent;)V+35
J 3361 C1 java.awt.Component.processMouseEvent(Ljava/awt/event/MouseEvent;)V (100 bytes) @ 0x000000011b5cda6c [0x000000011b5cd6e0+0x38c]
J 3360 C1 javax.swing.JComponent.processMouseEvent(Ljava/awt/event/MouseEvent;)V (27 bytes) @ 0x000000011b5ba43c [0x000000011b5ba220+0x21c]
J 1858 C1 java.awt.Component.processEvent(Ljava/awt/AWTEvent;)V (220 bytes) @ 0x000000011b19a3dc [0x000000011b199ec0+0x51c]
J 1622 C1 java.awt.Container.processEvent(Ljava/awt/AWTEvent;)V (22 bytes) @ 0x000000011b0f3ec4 [0x000000011b0f3ba0+0x324]
J 1593 C1 java.awt.Component.dispatchEventImpl(Ljava/awt/AWTEvent;)V (883 bytes) @ 0x000000011b0c819c [0x000000011b0c2c60+0x553c]
J 3296 C2 java.awt.Container.dispatchEventImpl(Ljava/awt/AWTEvent;)V (129 bytes) @ 0x000000011b59c930 [0x000000011b59c8c0+0x70]
J 3308 C2 java.awt.LightweightDispatcher.retargetMouseEvent(Ljava/awt/Component;ILjava/awt/event/MouseEvent;)V (350 bytes) @ 0x000000011b5a83c0 [0x000000011b5a7e40+0x580]
J 3296 C2 java.awt.Container.dispatchEventImpl(Ljava/awt/AWTEvent;)V (129 bytes) @ 0x000000011b59cd1c [0x000000011b59c8c0+0x45c]
J 1600 C1 java.awt.Window.dispatchEventImpl(Ljava/awt/AWTEvent;)V (23 bytes) @ 0x000000011b0d1c0c [0x000000011b0d1620+0x5ec]
J 3016 C2 java.awt.EventQueue$3.run()Ljava/lang/Object; (5 bytes) @ 0x000000011b4ef948 [0x000000011b4ef5e0+0x368]
v  ~StubRoutines::call_stub
J 1144  java.security.AccessController.doPrivileged(Ljava/security/PrivilegedAction;Ljava/security/AccessControlContext;)Ljava/lang/Object; (0 bytes) @ 0x000000011af764a3 [0x000000011af76440+0x63]
J 3025 C2 java.awt.EventQueue$4.run()Ljava/lang/Object; (5 bytes) @ 0x000000011b4f6f7c [0x000000011b4f6e60+0x11c]
v  ~StubRoutines::call_stub
J 1144  java.security.AccessController.doPrivileged(Ljava/security/PrivilegedAction;Ljava/security/AccessControlContext;)Ljava/lang/Object; (0 bytes) @ 0x000000011af764a3 [0x000000011af76440+0x63]
J 3018 C2 java.awt.EventDispatchThread.pumpOneEventForFilters(I)V (295 bytes) @ 0x000000011b4fd278 [0x000000011b4fc1c0+0x10b8]
j  java.awt.EventDispatchThread.pumpEventsForFilter(ILjava/awt/Conditional;Ljava/awt/EventFilter;)V+35
j  java.awt.EventDispatchThread.pumpEventsForHierarchy(ILjava/awt/Conditional;Ljava/awt/Component;)V+11
j  java.awt.EventDispatchThread.pumpEvents(ILjava/awt/Conditional;)V+4
j  java.awt.EventDispatchThread.pumpEvents(Ljava/awt/Conditional;)V+3
j  java.awt.EventDispatchThread.run()V+9
v  ~StubRoutines::call_stub

---------------  P R O C E S S  ---------------

Java Threads: ( => current thread )
  0x00007f9e921f2000 JavaThread "TimerQueue" daemon [_thread_blocked, id=58123, stack(0x000070000317b000,0x000070000327b000)]
  0x00007f9e92099800 JavaThread "DestroyJavaVM" [_thread_blocked, id=6403, stack(0x0000700001dbc000,0x0000700001ebc000)]
=>0x00007f9e91144000 JavaThread "AWT-EventQueue-0" [_thread_in_native, id=56635, stack(0x0000700003078000,0x0000700003178000)]
  0x00007f9e90969800 JavaThread "AWT-Shutdown" [_thread_blocked, id=26379, stack(0x0000700002c69000,0x0000700002d69000)]
  0x00007f9e921b5000 JavaThread "Java2D Disposer" daemon [_thread_blocked, id=79903, stack(0x0000700002f75000,0x0000700003075000)]
  0x00007f9e92156800 JavaThread "Java2D Queue Flusher" daemon [_thread_blocked, id=80655, stack(0x0000700002e72000,0x0000700002f72000)]
  0x00007f9e90801800 JavaThread "AppKit Thread" daemon [_thread_in_native, id=775, stack(0x00007ffee0b50000,0x00007ffee1350000)]
  0x00007f9e9100b000 JavaThread "Service Thread" daemon [_thread_blocked, id=14339, stack(0x00007000029e0000,0x0000700002ae0000)]
  0x00007f9e92043800 JavaThread "C1 CompilerThread2" daemon [_thread_blocked, id=18179, stack(0x00007000028dd000,0x00007000029dd000)]
  0x00007f9e92000000 JavaThread "C2 CompilerThread1" daemon [_thread_blocked, id=18435, stack(0x00007000027da000,0x00007000028da000)]
  0x00007f9e91833000 JavaThread "C2 CompilerThread0" daemon [_thread_blocked, id=18691, stack(0x00007000026d7000,0x00007000027d7000)]
  0x00007f9e91835000 JavaThread "Signal Dispatcher" daemon [_thread_blocked, id=13315, stack(0x00007000025d4000,0x00007000026d4000)]
  0x00007f9e9181b000 JavaThread "Finalizer" daemon [_thread_blocked, id=20227, stack(0x00007000024d1000,0x00007000025d1000)]
  0x00007f9e91009800 JavaThread "Reference Handler" daemon [_thread_blocked, id=20483, stack(0x00007000023ce000,0x00007000024ce000)]

Other Threads:
  0x00007f9e91007000 VMThread [stack: 0x00007000022cb000,0x00007000023cb000] [id=20995]
  0x00007f9e9204c800 WatcherThread [stack: 0x0000700002ae3000,0x0000700002be3000] [id=14595]

VM state:not at safepoint (normal execution)

VM Mutex/Monitor currently owned by a thread: None

Heap:
 PSYoungGen      total 76288K, used 57144K [0x000000076ab00000, 0x0000000770000000, 0x00000007c0000000)
  eden space 65536K, 75% used [0x000000076ab00000,0x000000076db4ff78,0x000000076eb00000)
  from space 10752K, 71% used [0x000000076eb00000,0x000000076f27e228,0x000000076f580000)
  to   space 10752K, 0% used [0x000000076f580000,0x000000076f580000,0x0000000770000000)
 ParOldGen       total 175104K, used 16K [0x00000006c0000000, 0x00000006cab00000, 0x000000076ab00000)
  object space 175104K, 0% used [0x00000006c0000000,0x00000006c0004000,0x00000006cab00000)
 Metaspace       used 19751K, capacity 20040K, committed 20352K, reserved 1067008K
  class space    used 2490K, capacity 2598K, committed 2688K, reserved 1048576K

Card table byte_map: [0x0000000110529000,0x0000000110d2a000] byte_map_base: 0x000000010cf29000

Marking Bits: (ParMarkBitMap*) 0x000000010fac27a0
 Begin Bits: [0x0000000111280000, 0x0000000115280000)
 End Bits:   [0x0000000115280000, 0x0000000119280000)

Polling page: 0x000000010e928000

CodeCache: size=245760Kb used=10075Kb max_used=10336Kb free=235685Kb
 bounds [0x000000011abd3000, 0x000000011b603000, 0x0000000129bd3000]
 total_blobs=3704 nmethods=3146 adapters=469
 compilation: enabled

Compilation events (10 events):
Event: 572.534 Thread 0x00007f9e91833000 3473       4       sun.java2d.pipe.RenderQueue::tryLock (4 bytes)
Event: 572.536 Thread 0x00007f9e91833000 nmethod 3473 0x000000011adffa90 code [0x000000011adffbe0, 0x000000011adffcf8]
Event: 762.935 Thread 0x00007f9e92043800 3474       3       sun.java2d.loops.GraphicsPrimitiveMgr::locateGeneral (42 bytes)
Event: 762.935 Thread 0x00007f9e92043800 nmethod 3474 0x000000011af25110 code [0x000000011af252a0, 0x000000011af25630]
Event: 771.777 Thread 0x00007f9e92043800 3475       1       java.awt.Component$1::getPeer (5 bytes)
Event: 771.778 Thread 0x00007f9e92043800 nmethod 3475 0x000000011af0d4d0 code [0x000000011af0d620, 0x000000011af0d730]
Event: 772.514 Thread 0x00007f9e92000000 3476   !   4       sun.dc.DuctusRenderingEngine::getAATileGenerator (1189 bytes)
Event: 772.598 Thread 0x00007f9e92000000 nmethod 3476 0x000000011b271250 code [0x000000011b2718a0, 0x000000011b275340]
Event: 774.112 Thread 0x00007f9e92043800 3477  s    3       java.io.BufferedOutputStream::flush (12 bytes)
Event: 774.113 Thread 0x00007f9e92043800 nmethod 3477 0x000000011ade7d50 code [0x000000011ade7ee0, 0x000000011ade83d8]

GC Heap History (2 events):
Event: 108.976 GC heap before
{Heap before GC invocations=1 (full 0):
 PSYoungGen      total 76288K, used 65536K [0x000000076ab00000, 0x0000000770000000, 0x00000007c0000000)
  eden space 65536K, 100% used [0x000000076ab00000,0x000000076eb00000,0x000000076eb00000)
  from space 10752K, 0% used [0x000000076f580000,0x000000076f580000,0x0000000770000000)
  to   space 10752K, 0% used [0x000000076eb00000,0x000000076eb00000,0x000000076f580000)
 ParOldGen       total 175104K, used 0K [0x00000006c0000000, 0x00000006cab00000, 0x000000076ab00000)
  object space 175104K, 0% used [0x00000006c0000000,0x00000006c0000000,0x00000006cab00000)
 Metaspace       used 19309K, capacity 19624K, committed 20096K, reserved 1067008K
  class space    used 2452K, capacity 2566K, committed 2688K, reserved 1048576K
Event: 108.990 GC heap after
Heap after GC invocations=1 (full 0):
 PSYoungGen      total 76288K, used 7672K [0x000000076ab00000, 0x0000000770000000, 0x00000007c0000000)
  eden space 65536K, 0% used [0x000000076ab00000,0x000000076ab00000,0x000000076eb00000)
  from space 10752K, 71% used [0x000000076eb00000,0x000000076f27e228,0x000000076f580000)
  to   space 10752K, 0% used [0x000000076f580000,0x000000076f580000,0x0000000770000000)
 ParOldGen       total 175104K, used 16K [0x00000006c0000000, 0x00000006cab00000, 0x000000076ab00000)
  object space 175104K, 0% used [0x00000006c0000000,0x00000006c0004000,0x00000006cab00000)
 Metaspace       used 19309K, capacity 19624K, committed 20096K, reserved 1067008K
  class space    used 2452K, capacity 2566K, committed 2688K, reserved 1048576K
}

Deoptimization events (10 events):
Event: 80.142 Thread 0x00007f9e91144000 Uncommon trap: reason=unstable_if action=reinterpret pc=0x000000011b2fd5b4 method=javax.swing.DefaultListCellRenderer.firePropertyChange(Ljava/lang/String;Ljava/lang/Object;Ljava/lang/Object;)V @ 20
Event: 81.376 Thread 0x00007f9e91144000 Uncommon trap: reason=unstable_if action=reinterpret pc=0x000000011b270ed8 method=java.awt.EventQueue.getPriority(Ljava/awt/AWTEvent;)I @ 22
Event: 81.651 Thread 0x00007f9e91144000 Uncommon trap: reason=unstable_if action=reinterpret pc=0x000000011b2fb504 method=java.awt.Component.getInputContext()Ljava/awt/im/InputContext; @ 6
Event: 109.010 Thread 0x00007f9e91144000 Uncommon trap: reason=unstable_if action=reinterpret pc=0x000000011b1142e4 method=java.lang.ref.SoftReference.get()Ljava/lang/Object; @ 17
Event: 109.015 Thread 0x00007f9e91144000 Uncommon trap: reason=unstable_if action=reinterpret pc=0x000000011b43a82c method=java.lang.ref.SoftReference.get()Ljava/lang/Object; @ 17
Event: 150.739 Thread 0x00007f9e91144000 Uncommon trap: reason=unstable_if action=reinterpret pc=0x000000011b425b7c method=java.lang.ref.SoftReference.get()Ljava/lang/Object; @ 17
Event: 493.746 Thread 0x00007f9e91144000 Uncommon trap: reason=unstable_if action=reinterpret pc=0x000000011b43fa24 method=sun.java2d.pipe.BufferedContext.validate(Lsun/java2d/pipe/hw/AccelSurface;Lsun/java2d/pipe/hw/AccelSurface;Lsun/java2d/pipe/Region;Ljava/awt/Composite;Ljava/awt/geom/AffineT
Event: 516.550 Thread 0x00007f9e91144000 Uncommon trap: reason=unstable_if action=reinterpret pc=0x000000011b5b9fd0 method=java.util.HashMap.clear()V @ 16
Event: 516.554 Thread 0x00007f9e91144000 Uncommon trap: reason=unstable_if action=reinterpret pc=0x000000011b39a02c method=sun.misc.MetaIndex.mayContain(Ljava/lang/String;)Z @ 38
Event: 516.554 Thread 0x00007f9e91144000 Uncommon trap: reason=unstable_if action=reinterpret pc=0x000000011b377548 method=sun.misc.MetaIndex.mayContain(Ljava/lang/String;)Z @ 38

Internal exceptions (10 events):
Event: 69.390 Thread 0x00007f9e91144000 Exception <a 'java/io/FileNotFoundException'> (0x000000076c3dda68) thrown at [/Users/java_re/workspace/8-2-build-macosx-x86_64/jdk8u45/3457/hotspot/src/share/vm/prims/jni.cpp, line 709]
Event: 69.391 Thread 0x00007f9e91144000 Exception <a 'java/io/FileNotFoundException'> (0x000000076c3e04c8) thrown at [/Users/java_re/workspace/8-2-build-macosx-x86_64/jdk8u45/3457/hotspot/src/share/vm/prims/jni.cpp, line 709]
Event: 293.154 Thread 0x00007f9e91144000 Exception <a 'java/io/FileNotFoundException'> (0x000000076d068928) thrown at [/Users/java_re/workspace/8-2-build-macosx-x86_64/jdk8u45/3457/hotspot/src/share/vm/prims/jni.cpp, line 709]
Event: 293.155 Thread 0x00007f9e91144000 Exception <a 'java/io/FileNotFoundException'> (0x000000076d06b388) thrown at [/Users/java_re/workspace/8-2-build-macosx-x86_64/jdk8u45/3457/hotspot/src/share/vm/prims/jni.cpp, line 709]
Event: 453.657 Thread 0x00007f9e91144000 Exception <a 'java/io/FileNotFoundException'> (0x000000076d25de28) thrown at [/Users/java_re/workspace/8-2-build-macosx-x86_64/jdk8u45/3457/hotspot/src/share/vm/prims/jni.cpp, line 709]
Event: 453.658 Thread 0x00007f9e91144000 Exception <a 'java/io/FileNotFoundException'> (0x000000076d260888) thrown at [/Users/java_re/workspace/8-2-build-macosx-x86_64/jdk8u45/3457/hotspot/src/share/vm/prims/jni.cpp, line 709]
Event: 493.746 Thread 0x00007f9e91144000 Implicit null exception at 0x000000011b43e90a to 0x000000011b43f9f5
Event: 516.550 Thread 0x00007f9e91144000 Implicit null exception at 0x000000011b5b9f15 to 0x000000011b5b9fc1
Event: 774.112 Thread 0x00007f9e91144000 Exception <a 'java/io/IOException': Device not configured in writeArray> (0x000000076db16760) thrown at [/Users/java_re/workspace/8-2-build-macosx-x86_64/jdk8u45/3457/hotspot/src/share/vm/prims/jni.cpp, line 735]
Event: 774.113 Thread 0x00007f9e91144000 Exception <a 'java/io/IOException': Device not configured in nativeDrain> (0x000000076db16b90) thrown at [/Users/java_re/workspace/8-2-build-macosx-x86_64/jdk8u45/3457/hotspot/src/share/vm/prims/jni.cpp, line 735]

Events (10 events):
Event: 761.163 Executing VM operation: RevokeBias done
Event: 761.163 Thread 0x00007f9e90cf7000 Thread exited: 0x00007f9e90cf7000
Event: 762.935 Thread 0x00007f9e92043800 flushing nmethod 0x000000011b003050
Event: 762.935 Thread 0x00007f9e92043800 flushing nmethod 0x000000011b0176d0
Event: 771.778 Thread 0x00007f9e92043800 flushing nmethod 0x000000011b0e19d0
Event: 771.778 Thread 0x00007f9e92043800 flushing nmethod 0x000000011b11d7d0
Event: 771.778 Thread 0x00007f9e92043800 flushing nmethod 0x000000011b133410
Event: 774.112 loading class java/io/InterruptedIOException
Event: 774.112 loading class java/io/InterruptedIOException done
Event: 774.113 Thread 0x00007f9e92043800 flushing nmethod 0x000000011b1f0e50


Dynamic libraries:
0x0000000020023000 	/System/Library/Frameworks/Cocoa.framework/Versions/A/Cocoa
0x0000000020023000 	/System/Library/Frameworks/Security.framework/Versions/A/Security
0x0000000020023000 	/System/Library/Frameworks/ApplicationServices.framework/Versions/A/ApplicationServices
0x0000000020023000 	/usr/lib/libz.1.dylib
0x0000000020023000 	/usr/lib/libSystem.B.dylib
0x0000000020023000 	/usr/lib/libobjc.A.dylib
0x0000000020023000 	/System/Library/Frameworks/CoreFoundation.framework/Versions/A/CoreFoundation
0x0000000020023000 	/System/Library/Frameworks/Foundation.framework/Versions/C/Foundation
0x0000000020023000 	/System/Library/Frameworks/AppKit.framework/Versions/C/AppKit
0x0000000020023000 	/System/Library/Frameworks/CoreData.framework/Versions/A/CoreData
0x0000000020023000 	/System/Library/PrivateFrameworks/RemoteViewServices.framework/Versions/A/RemoteViewServices
0x0000000020023000 	/System/Library/PrivateFrameworks/UIFoundation.framework/Versions/A/UIFoundation
0x0000000020023000 	/System/Library/PrivateFrameworks/XCTTargetBootstrap.framework/Versions/A/XCTTargetBootstrap
0x0000000020023000 	/System/Library/PrivateFrameworks/IconServices.framework/Versions/A/IconServices
0x0000000020023000 	/System/Library/Frameworks/Metal.framework/Versions/A/Metal
0x0000000020023000 	/System/Library/PrivateFrameworks/DesktopServicesPriv.framework/Versions/A/DesktopServicesPriv
0x0000000020023000 	/usr/lib/libenergytrace.dylib
0x0000000020023000 	/System/Library/PrivateFrameworks/SkyLight.framework/Versions/A/SkyLight
0x0000000020023000 	/System/Library/Frameworks/CoreGraphics.framework/Versions/A/CoreGraphics
0x0000000020023000 	/System/Library/Frameworks/Accelerate.framework/Versions/A/Accelerate
0x0000000020023000 	/System/Library/Frameworks/IOSurface.framework/Versions/A/IOSurface
0x0000000020023000 	/System/Library/PrivateFrameworks/DFRFoundation.framework/Versions/A/DFRFoundation
0x0000000020023000 	/System/Library/Frameworks/AudioToolbox.framework/Versions/A/AudioToolbox
0x0000000020023000 	/System/Library/Frameworks/AudioUnit.framework/Versions/A/AudioUnit
0x0000000020023000 	/System/Library/PrivateFrameworks/DataDetectorsCore.framework/Versions/A/DataDetectorsCore
0x0000000020023000 	/System/Library/Frameworks/Carbon.framework/Versions/A/Frameworks/HIToolbox.framework/Versions/A/HIToolbox
0x0000000020023000 	/usr/lib/libicucore.A.dylib
0x0000000020023000 	/System/Library/Frameworks/QuartzCore.framework/Versions/A/QuartzCore
0x0000000020023000 	/System/Library/Frameworks/Carbon.framework/Versions/A/Frameworks/SpeechRecognition.framework/Versions/A/SpeechRecognition
0x0000000020023000 	/usr/lib/libauto.dylib
0x0000000020023000 	/usr/lib/libxml2.2.dylib
0x0000000020023000 	/System/Library/PrivateFrameworks/CoreUI.framework/Versions/A/CoreUI
0x0000000020023000 	/System/Library/Frameworks/CoreAudio.framework/Versions/A/CoreAudio
0x0000000020023000 	/System/Library/Frameworks/DiskArbitration.framework/Versions/A/DiskArbitration
0x0000000020023000 	/usr/lib/liblangid.dylib
0x0000000020023000 	/System/Library/PrivateFrameworks/MultitouchSupport.framework/Versions/A/MultitouchSupport
0x0000000020023000 	/System/Library/Frameworks/IOKit.framework/Versions/A/IOKit
0x0000000020023000 	/usr/lib/libDiagnosticMessagesClient.dylib
0x0000000020023000 	/System/Library/Frameworks/CoreServices.framework/Versions/A/CoreServices
0x0000000020023000 	/System/Library/PrivateFrameworks/PerformanceAnalysis.framework/Versions/A/PerformanceAnalysis
0x0000000020023000 	/System/Library/Frameworks/OpenGL.framework/Versions/A/OpenGL
0x0000000020023000 	/System/Library/Frameworks/ColorSync.framework/Versions/A/ColorSync
0x0000000020023000 	/System/Library/Frameworks/CoreImage.framework/Versions/A/CoreImage
0x0000000020023000 	/System/Library/Frameworks/CoreText.framework/Versions/A/CoreText
0x0000000020023000 	/System/Library/Frameworks/ImageIO.framework/Versions/A/ImageIO
0x0000000020023000 	/System/Library/PrivateFrameworks/Backup.framework/Versions/A/Backup
0x0000000020023000 	/usr/lib/libarchive.2.dylib
0x0000000020023000 	/System/Library/Frameworks/CFNetwork.framework/Versions/A/CFNetwork
0x0000000020023000 	/System/Library/Frameworks/SystemConfiguration.framework/Versions/A/SystemConfiguration
0x0000000020023000 	/usr/lib/libCRFSuite.dylib
0x0000000020023000 	/usr/lib/libc++.1.dylib
0x0000000020023000 	/usr/lib/libc++abi.dylib
0x0000000020023000 	/usr/lib/system/libcache.dylib
0x0000000020023000 	/usr/lib/system/libcommonCrypto.dylib
0x0000000020023000 	/usr/lib/system/libcompiler_rt.dylib
0x0000000020023000 	/usr/lib/system/libcopyfile.dylib
0x0000000020023000 	/usr/lib/system/libcorecrypto.dylib
0x0000000020023000 	/usr/lib/system/libdispatch.dylib
0x0000000020023000 	/usr/lib/system/libdyld.dylib
0x0000000020023000 	/usr/lib/system/libkeymgr.dylib
0x0000000020023000 	/usr/lib/system/liblaunch.dylib
0x0000000020023000 	/usr/lib/system/libmacho.dylib
0x0000000020023000 	/usr/lib/system/libquarantine.dylib
0x0000000020023000 	/usr/lib/system/libremovefile.dylib
0x0000000020023000 	/usr/lib/system/libsystem_asl.dylib
0x0000000020023000 	/usr/lib/system/libsystem_blocks.dylib
0x0000000020023000 	/usr/lib/system/libsystem_c.dylib
0x0000000020023000 	/usr/lib/system/libsystem_configuration.dylib
0x0000000020023000 	/usr/lib/system/libsystem_coreservices.dylib
0x0000000020023000 	/usr/lib/system/libsystem_darwin.dylib
0x0000000020023000 	/usr/lib/system/libsystem_dnssd.dylib
0x0000000020023000 	/usr/lib/system/libsystem_info.dylib
0x0000000020023000 	/usr/lib/system/libsystem_m.dylib
0x0000000020023000 	/usr/lib/system/libsystem_malloc.dylib
0x0000000020023000 	/usr/lib/system/libsystem_networkextension.dylib
0x0000000020023000 	/usr/lib/system/libsystem_notify.dylib
0x0000000020023000 	/usr/lib/system/libsystem_sandbox.dylib
0x0000000020023000 	/usr/lib/system/libsystem_secinit.dylib
0x0000000020023000 	/usr/lib/system/libsystem_kernel.dylib
0x0000000020023000 	/usr/lib/system/libsystem_platform.dylib
0x0000000020023000 	/usr/lib/system/libsystem_pthread.dylib
0x0000000020023000 	/usr/lib/system/libsystem_symptoms.dylib
0x0000000020023000 	/usr/lib/system/libsystem_trace.dylib
0x0000000020023000 	/usr/lib/system/libunwind.dylib
0x0000000020023000 	/usr/lib/system/libxpc.dylib
0x0000000020023000 	/usr/lib/libbsm.0.dylib
0x0000000020023000 	/usr/lib/system/libkxld.dylib
0x0000000020023000 	/System/Library/PrivateFrameworks/AppleFSCompression.framework/Versions/A/AppleFSCompression
0x0000000020023000 	/usr/lib/libOpenScriptingUtil.dylib
0x0000000020023000 	/usr/lib/libcoretls.dylib
0x0000000020023000 	/usr/lib/libcoretls_cfhelpers.dylib
0x0000000020023000 	/usr/lib/libpam.2.dylib
0x0000000020023000 	/usr/lib/libsqlite3.dylib
0x0000000020023000 	/usr/lib/libxar.1.dylib
0x0000000020023000 	/usr/lib/libbz2.1.0.dylib
0x0000000020023000 	/usr/lib/liblzma.5.dylib
0x0000000020023000 	/usr/lib/libnetwork.dylib
0x0000000020023000 	/usr/lib/libapple_nghttp2.dylib
0x0000000020023000 	/usr/lib/libpcap.A.dylib
0x0000000020023000 	/System/Library/Frameworks/CoreServices.framework/Versions/A/Frameworks/FSEvents.framework/Versions/A/FSEvents
0x0000000020023000 	/System/Library/Frameworks/CoreServices.framework/Versions/A/Frameworks/CarbonCore.framework/Versions/A/CarbonCore
0x0000000020023000 	/System/Library/Frameworks/CoreServices.framework/Versions/A/Frameworks/Metadata.framework/Versions/A/Metadata
0x0000000020023000 	/System/Library/Frameworks/CoreServices.framework/Versions/A/Frameworks/OSServices.framework/Versions/A/OSServices
0x0000000020023000 	/System/Library/Frameworks/CoreServices.framework/Versions/A/Frameworks/SearchKit.framework/Versions/A/SearchKit
0x0000000020023000 	/System/Library/Frameworks/CoreServices.framework/Versions/A/Frameworks/AE.framework/Versions/A/AE
0x0000000020023000 	/System/Library/Frameworks/CoreServices.framework/Versions/A/Frameworks/LaunchServices.framework/Versions/A/LaunchServices
0x0000000020023000 	/System/Library/Frameworks/CoreServices.framework/Versions/A/Frameworks/DictionaryServices.framework/Versions/A/DictionaryServices
0x0000000020023000 	/System/Library/Frameworks/CoreServices.framework/Versions/A/Frameworks/SharedFileList.framework/Versions/A/SharedFileList
0x0000000020023000 	/System/Library/Frameworks/NetFS.framework/Versions/A/NetFS
0x0000000020023000 	/System/Library/PrivateFrameworks/NetAuth.framework/Versions/A/NetAuth
0x0000000020023000 	/System/Library/PrivateFrameworks/login.framework/Versions/A/Frameworks/loginsupport.framework/Versions/A/loginsupport
0x0000000020023000 	/System/Library/PrivateFrameworks/TCC.framework/Versions/A/TCC
0x0000000020023000 	/System/Library/PrivateFrameworks/CoreNLP.framework/Versions/A/CoreNLP
0x0000000020023000 	/System/Library/PrivateFrameworks/MetadataUtilities.framework/Versions/A/MetadataUtilities
0x0000000020023000 	/usr/lib/libmecabra.dylib
0x0000000020023000 	/System/Library/Frameworks/ApplicationServices.framework/Versions/A/Frameworks/ATS.framework/Versions/A/ATS
0x0000000020023000 	/System/Library/Frameworks/ApplicationServices.framework/Versions/A/Frameworks/ColorSyncLegacy.framework/Versions/A/ColorSyncLegacy
0x0000000020023000 	/System/Library/Frameworks/ApplicationServices.framework/Versions/A/Frameworks/HIServices.framework/Versions/A/HIServices
0x0000000020023000 	/System/Library/Frameworks/ApplicationServices.framework/Versions/A/Frameworks/LangAnalysis.framework/Versions/A/LangAnalysis
0x0000000020023000 	/System/Library/Frameworks/ApplicationServices.framework/Versions/A/Frameworks/PrintCore.framework/Versions/A/PrintCore
0x0000000020023000 	/System/Library/Frameworks/ApplicationServices.framework/Versions/A/Frameworks/QD.framework/Versions/A/QD
0x0000000020023000 	/System/Library/Frameworks/ApplicationServices.framework/Versions/A/Frameworks/SpeechSynthesis.framework/Versions/A/SpeechSynthesis
0x0000000020023000 	/usr/lib/libcompression.dylib
0x0000000020023000 	/System/Library/Frameworks/CoreDisplay.framework/Versions/A/CoreDisplay
0x0000000020023000 	/System/Library/Frameworks/MetalPerformanceShaders.framework/Versions/A/MetalPerformanceShaders
0x0000000020023000 	/System/Library/Frameworks/Accelerate.framework/Versions/A/Frameworks/vImage.framework/Versions/A/vImage
0x0000000020023000 	/System/Library/Frameworks/Accelerate.framework/Versions/A/Frameworks/vecLib.framework/Versions/A/vecLib
0x0000000020023000 	/System/Library/Frameworks/Accelerate.framework/Versions/A/Frameworks/vecLib.framework/Versions/A/libvMisc.dylib
0x0000000020023000 	/System/Library/Frameworks/Accelerate.framework/Versions/A/Frameworks/vecLib.framework/Versions/A/libvDSP.dylib
0x0000000020023000 	/System/Library/Frameworks/Accelerate.framework/Versions/A/Frameworks/vecLib.framework/Versions/A/libBLAS.dylib
0x0000000020023000 	/System/Library/Frameworks/Accelerate.framework/Versions/A/Frameworks/vecLib.framework/Versions/A/libLAPACK.dylib
0x0000000020023000 	/System/Library/Frameworks/Accelerate.framework/Versions/A/Frameworks/vecLib.framework/Versions/A/libLinearAlgebra.dylib
0x0000000020023000 	/System/Library/Frameworks/Accelerate.framework/Versions/A/Frameworks/vecLib.framework/Versions/A/libSparseBLAS.dylib
0x0000000020023000 	/System/Library/Frameworks/Accelerate.framework/Versions/A/Frameworks/vecLib.framework/Versions/A/libQuadrature.dylib
0x0000000020023000 	/System/Library/Frameworks/Accelerate.framework/Versions/A/Frameworks/vecLib.framework/Versions/A/libBNNS.dylib
0x0000000020023000 	/System/Library/Frameworks/Accelerate.framework/Versions/A/Frameworks/vecLib.framework/Versions/A/libSparse.dylib
0x0000000020023000 	/System/Library/PrivateFrameworks/GPUWrangler.framework/Versions/A/GPUWrangler
0x0000000020023000 	/System/Library/PrivateFrameworks/IOAccelerator.framework/Versions/A/IOAccelerator
0x0000000020023000 	/System/Library/PrivateFrameworks/IOPresentment.framework/Versions/A/IOPresentment
0x0000000020023000 	/System/Library/PrivateFrameworks/DSExternalDisplay.framework/Versions/A/DSExternalDisplay
0x0000000020023000 	/System/Library/Frameworks/OpenGL.framework/Versions/A/Libraries/libCoreFSCache.dylib
0x0000000020023000 	/System/Library/Frameworks/MetalPerformanceShaders.framework/Frameworks/MPSCore.framework/Versions/A/MPSCore
0x0000000020023000 	/System/Library/Frameworks/MetalPerformanceShaders.framework/Frameworks/MPSImage.framework/Versions/A/MPSImage
0x0000000020023000 	/System/Library/Frameworks/MetalPerformanceShaders.framework/Frameworks/MPSNeuralNetwork.framework/Versions/A/MPSNeuralNetwork
0x0000000020023000 	/System/Library/Frameworks/MetalPerformanceShaders.framework/Frameworks/MPSMatrix.framework/Versions/A/MPSMatrix
0x0000000020023000 	/System/Library/Frameworks/MetalPerformanceShaders.framework/Frameworks/MPSRayIntersector.framework/Versions/A/MPSRayIntersector
0x0000000020023000 	/System/Library/PrivateFrameworks/MetalTools.framework/Versions/A/MetalTools
0x0000000020023000 	/System/Library/PrivateFrameworks/AggregateDictionary.framework/Versions/A/AggregateDictionary
0x0000000020023000 	/usr/lib/libMobileGestalt.dylib
0x0000000020023000 	/System/Library/Frameworks/CoreVideo.framework/Versions/A/CoreVideo
0x0000000020023000 	/System/Library/PrivateFrameworks/GraphVisualizer.framework/Versions/A/GraphVisualizer
0x0000000020023000 	/System/Library/PrivateFrameworks/FaceCore.framework/Versions/A/FaceCore
0x0000000020023000 	/System/Library/Frameworks/OpenCL.framework/Versions/A/OpenCL
0x0000000020023000 	/usr/lib/libFosl_dynamic.dylib
0x0000000020023000 	/System/Library/PrivateFrameworks/OTSVG.framework/Versions/A/OTSVG
0x0000000020023000 	/System/Library/Frameworks/ApplicationServices.framework/Versions/A/Frameworks/ATS.framework/Versions/A/Resources/libFontParser.dylib
0x0000000020023000 	/System/Library/Frameworks/ApplicationServices.framework/Versions/A/Frameworks/ATS.framework/Versions/A/Resources/libFontRegistry.dylib
0x0000000020023000 	/System/Library/Frameworks/ImageIO.framework/Versions/A/Resources/libJPEG.dylib
0x0000000020023000 	/System/Library/Frameworks/ImageIO.framework/Versions/A/Resources/libTIFF.dylib
0x0000000020023000 	/System/Library/Frameworks/ImageIO.framework/Versions/A/Resources/libPng.dylib
0x0000000020023000 	/System/Library/Frameworks/ImageIO.framework/Versions/A/Resources/libGIF.dylib
0x0000000020023000 	/System/Library/Frameworks/ImageIO.framework/Versions/A/Resources/libJP2.dylib
0x0000000020023000 	/System/Library/Frameworks/ImageIO.framework/Versions/A/Resources/libRadiance.dylib
0x0000000020023000 	/System/Library/PrivateFrameworks/AppleJPEG.framework/Versions/A/AppleJPEG
0x0000000020023000 	/System/Library/Frameworks/OpenGL.framework/Versions/A/Libraries/libGFXShared.dylib
0x0000000020023000 	/System/Library/Frameworks/OpenGL.framework/Versions/A/Libraries/libGLU.dylib
0x0000000020023000 	/System/Library/Frameworks/OpenGL.framework/Versions/A/Libraries/libGL.dylib
0x0000000020023000 	/System/Library/Frameworks/OpenGL.framework/Versions/A/Libraries/libGLImage.dylib
0x0000000020023000 	/System/Library/Frameworks/OpenGL.framework/Versions/A/Libraries/libCVMSPluginSupport.dylib
0x0000000020023000 	/System/Library/Frameworks/OpenGL.framework/Versions/A/Libraries/libCoreVMClient.dylib
0x0000000020023000 	/usr/lib/libcups.2.dylib
0x0000000020023000 	/System/Library/Frameworks/Kerberos.framework/Versions/A/Kerberos
0x0000000020023000 	/System/Library/Frameworks/GSS.framework/Versions/A/GSS
0x0000000020023000 	/usr/lib/libresolv.9.dylib
0x0000000020023000 	/usr/lib/libiconv.2.dylib
0x0000000020023000 	/System/Library/PrivateFrameworks/Heimdal.framework/Versions/A/Heimdal
0x0000000020023000 	/usr/lib/libheimdal-asn1.dylib
0x0000000020023000 	/System/Library/Frameworks/OpenDirectory.framework/Versions/A/OpenDirectory
0x0000000020023000 	/System/Library/PrivateFrameworks/CommonAuth.framework/Versions/A/CommonAuth
0x0000000020023000 	/System/Library/Frameworks/OpenDirectory.framework/Versions/A/Frameworks/CFOpenDirectory.framework/Versions/A/CFOpenDirectory
0x0000000020023000 	/System/Library/Frameworks/SecurityFoundation.framework/Versions/A/SecurityFoundation
0x0000000020023000 	/System/Library/PrivateFrameworks/APFS.framework/Versions/A/APFS
0x0000000020023000 	/usr/lib/libutil.dylib
0x0000000020023000 	/usr/lib/libcharset.1.dylib
0x0000000020023000 	/System/Library/PrivateFrameworks/AppleSauce.framework/Versions/A/AppleSauce
0x0000000020023000 	/System/Library/PrivateFrameworks/AssertionServices.framework/Versions/A/AssertionServices
0x0000000020023000 	/System/Library/PrivateFrameworks/BaseBoard.framework/Versions/A/BaseBoard
0x0000000020023000 	/usr/lib/libmecab.1.0.0.dylib
0x0000000020023000 	/usr/lib/libgermantok.dylib
0x0000000020023000 	/usr/lib/libThaiTokenizer.dylib
0x0000000020023000 	/usr/lib/libChineseTokenizer.dylib
0x0000000020023000 	/System/Library/PrivateFrameworks/LanguageModeling.framework/Versions/A/LanguageModeling
0x0000000020023000 	/System/Library/PrivateFrameworks/CoreEmoji.framework/Versions/A/CoreEmoji
0x0000000020023000 	/System/Library/PrivateFrameworks/Lexicon.framework/Versions/A/Lexicon
0x0000000020023000 	/System/Library/PrivateFrameworks/LinguisticData.framework/Versions/A/LinguisticData
0x0000000020023000 	/usr/lib/libcmph.dylib
0x0000000020023000 	/System/Library/Frameworks/ServiceManagement.framework/Versions/A/ServiceManagement
0x0000000020023000 	/System/Library/PrivateFrameworks/BackgroundTaskManagement.framework/Versions/A/BackgroundTaskManagement
0x0000000020023000 	/usr/lib/libxslt.1.dylib
0x0000000020023000 	/System/Library/Frameworks/Carbon.framework/Versions/A/Frameworks/Ink.framework/Versions/A/Ink
0x0000000020023000 	/System/Library/PrivateFrameworks/TextureIO.framework/Versions/A/TextureIO
0x0000000020023000 	/usr/lib/libate.dylib
0x0000000020023000 	/System/Library/PrivateFrameworks/CrashReporterSupport.framework/Versions/A/CrashReporterSupport
0x0000000020023000 	/System/Library/PrivateFrameworks/Sharing.framework/Versions/A/Sharing
0x0000000020023000 	/System/Library/PrivateFrameworks/AuthKit.framework/Versions/A/AuthKit
0x0000000020023000 	/System/Library/PrivateFrameworks/Apple80211.framework/Versions/A/Apple80211
0x0000000020023000 	/System/Library/PrivateFrameworks/CoreUtils.framework/Versions/A/CoreUtils
0x0000000020023000 	/System/Library/Frameworks/CoreWLAN.framework/Versions/A/CoreWLAN
0x0000000020023000 	/System/Library/Frameworks/IOBluetooth.framework/Versions/A/IOBluetooth
0x0000000020023000 	/System/Library/PrivateFrameworks/ProtocolBuffer.framework/Versions/A/ProtocolBuffer
0x0000000020023000 	/System/Library/PrivateFrameworks/MobileKeyBag.framework/Versions/A/MobileKeyBag
0x0000000020023000 	/System/Library/PrivateFrameworks/CorePhoneNumbers.framework/Versions/A/CorePhoneNumbers
0x0000000020023000 	/System/Library/PrivateFrameworks/AppleIDAuthSupport.framework/Versions/A/AppleIDAuthSupport
0x0000000020023000 	/System/Library/PrivateFrameworks/KeychainCircle.framework/Versions/A/KeychainCircle
0x0000000020023000 	/System/Library/PrivateFrameworks/ROCKit.framework/Versions/A/ROCKit
0x0000000020023000 	/System/Library/PrivateFrameworks/CoreWiFi.framework/Versions/A/CoreWiFi
0x0000000020023000 	/System/Library/Frameworks/CoreBluetooth.framework/Versions/A/CoreBluetooth
0x0000000020023000 	/System/Library/PrivateFrameworks/DebugSymbols.framework/Versions/A/DebugSymbols
0x0000000020023000 	/System/Library/PrivateFrameworks/CoreSymbolication.framework/Versions/A/CoreSymbolication
0x0000000020023000 	/System/Library/PrivateFrameworks/Symbolication.framework/Versions/A/Symbolication
0x0000000020023000 	/System/Library/PrivateFrameworks/SpeechRecognitionCore.framework/Versions/A/SpeechRecognitionCore
0x000000010f200000 	/Library/Java/JavaVirtualMachines/jdk1.8.0_45.jdk/Contents/Home/jre/lib/server/libjvm.dylib
0x0000000020023000 	/usr/lib/libstdc++.6.dylib
0x000000010e8e5000 	/Library/Java/JavaVirtualMachines/jdk1.8.0_45.jdk/Contents/Home/jre/lib/libverify.dylib
0x000000010e8f3000 	/Library/Java/JavaVirtualMachines/jdk1.8.0_45.jdk/Contents/Home/jre/lib/libjava.dylib
0x000000010e972000 	/Library/Java/JavaVirtualMachines/jdk1.8.0_45.jdk/Contents/Home/jre/lib/libzip.dylib
0x0000000020023000 	/System/Library/Frameworks/JavaVM.framework/Versions/A/Frameworks/JavaRuntimeSupport.framework/Versions/A/JavaRuntimeSupport
0x0000000020023000 	/System/Library/Frameworks/JavaVM.framework/Versions/A/Frameworks/JavaNativeFoundation.framework/Versions/A/JavaNativeFoundation
0x0000000020023000 	/System/Library/Frameworks/JavaVM.framework/Versions/A/JavaVM
0x0000000020023000 	/System/Library/Frameworks/Carbon.framework/Versions/A/Carbon
0x0000000020023000 	/System/Library/PrivateFrameworks/JavaLaunching.framework/Versions/A/JavaLaunching
0x0000000020023000 	/System/Library/Frameworks/Carbon.framework/Versions/A/Frameworks/CommonPanels.framework/Versions/A/CommonPanels
0x0000000020023000 	/System/Library/Frameworks/Carbon.framework/Versions/A/Frameworks/Help.framework/Versions/A/Help
0x0000000020023000 	/System/Library/Frameworks/Carbon.framework/Versions/A/Frameworks/ImageCapture.framework/Versions/A/ImageCapture
0x0000000020023000 	/System/Library/Frameworks/Carbon.framework/Versions/A/Frameworks/OpenScripting.framework/Versions/A/OpenScripting
0x0000000020023000 	/System/Library/Frameworks/Carbon.framework/Versions/A/Frameworks/Print.framework/Versions/A/Print
0x0000000020023000 	/System/Library/Frameworks/Carbon.framework/Versions/A/Frameworks/SecurityHI.framework/Versions/A/SecurityHI
0x000000012c1fb000 	/Library/Java/JavaVirtualMachines/jdk1.8.0_45.jdk/Contents/Home/jre/lib/libawt.dylib
0x000000012c2a3000 	/Library/Java/JavaVirtualMachines/jdk1.8.0_45.jdk/Contents/Home/jre/lib/./libmlib_image.dylib
0x000000012c36f000 	/Library/Java/JavaVirtualMachines/jdk1.8.0_45.jdk/Contents/Home/jre/lib/libawt_lwawt.dylib
0x000000012c423000 	/Library/Java/JavaVirtualMachines/jdk1.8.0_45.jdk/Contents/Home/jre/lib/./libosxapp.dylib
0x0000000020023000 	/System/Library/Frameworks/ExceptionHandling.framework/Versions/A/ExceptionHandling
0x0000000020023000 	/System/Library/PrivateFrameworks/CoreServicesInternal.framework/Versions/A/CoreServicesInternal
0x0000000020023000 	/System/Library/CoreServices/RawCamera.bundle/Contents/MacOS/RawCamera
0x0000000020023000 	/System/Library/PrivateFrameworks/MobileAsset.framework/Versions/A/MobileAsset
0x0000000020023000 	/System/Library/PrivateFrameworks/StreamingZip.framework/Versions/A/StreamingZip
0x0000000020023000 	/System/Library/Frameworks/MediaToolbox.framework/Versions/A/MediaToolbox
0x0000000020023000 	/System/Library/PrivateFrameworks/CoreAVCHD.framework/Versions/A/CoreAVCHD
0x0000000020023000 	/System/Library/Frameworks/MediaAccessibility.framework/Versions/A/MediaAccessibility
0x0000000020023000 	/System/Library/PrivateFrameworks/Mangrove.framework/Versions/A/Mangrove
0x0000000020023000 	/System/Library/Frameworks/CoreMedia.framework/Versions/A/CoreMedia
0x0000000020023000 	/System/Library/Frameworks/VideoToolbox.framework/Versions/A/VideoToolbox
0x0000000020023000 	/System/Library/PrivateFrameworks/CoreAUC.framework/Versions/A/CoreAUC
0x0000000020023000 	/usr/lib/libspindump.dylib
0x0000000020023000 	/System/Library/PrivateFrameworks/AppleVA.framework/Versions/A/AppleVA
0x0000000020023000 	/System/Library/Frameworks/Accelerate.framework/Versions/A/Frameworks/vImage.framework/Versions/A/Libraries/libCGInterfaces.dylib
0x0000000020023000 	/System/Library/Frameworks/ApplicationServices.framework/Versions/A/Frameworks/ATS.framework/Versions/A/Resources/libTrueTypeScaler.dylib
0x0000000020023000 	/System/Library/Extensions/AppleIntelKBLGraphicsMTLDriver.bundle/Contents/MacOS/AppleIntelKBLGraphicsMTLDriver
0x0000000020023000 	/System/Library/PrivateFrameworks/GPUCompiler.framework/Versions/3902/Libraries/libmetal_timestamp.dylib
0x0000000020023000 	/System/Library/PrivateFrameworks/FamilyControls.framework/Versions/A/FamilyControls
0x0000000020023000 	/System/Library/PrivateFrameworks/CommerceKit.framework/Versions/A/Frameworks/CommerceCore.framework/Versions/A/CommerceCore
0x0000000020023000 	/System/Library/PrivateFrameworks/SystemAdministration.framework/Versions/A/SystemAdministration
0x0000000020023000 	/System/Library/PrivateFrameworks/AppContainer.framework/Versions/A/AppContainer
0x0000000020023000 	/System/Library/PrivateFrameworks/AppSandbox.framework/Versions/A/AppSandbox
0x0000000020023000 	/System/Library/PrivateFrameworks/SecCodeWrapper.framework/Versions/A/SecCodeWrapper
0x0000000020023000 	/usr/lib/libsandbox.1.dylib
0x0000000020023000 	/usr/lib/libMatch.1.dylib
0x0000000020023000 	/System/Library/PrivateFrameworks/DiskManagement.framework/Versions/A/DiskManagement
0x0000000020023000 	/System/Library/Frameworks/DirectoryService.framework/Versions/A/DirectoryService
0x0000000020023000 	/System/Library/PrivateFrameworks/DiskImages.framework/Versions/A/DiskImages
0x0000000020023000 	/System/Library/PrivateFrameworks/LoginUIKit.framework/Versions/A/Frameworks/LoginUICore.framework/Versions/A/LoginUICore
0x0000000020023000 	/usr/lib/libCoreStorage.dylib
0x0000000020023000 	/usr/lib/libcsfde.dylib
0x0000000020023000 	/usr/lib/libodfde.dylib
0x0000000020023000 	/System/Library/PrivateFrameworks/MediaKit.framework/Versions/A/MediaKit
0x0000000020023000 	/System/Library/Frameworks/DiscRecording.framework/Versions/A/DiscRecording
0x0000000020023000 	/System/Library/PrivateFrameworks/EFILogin.framework/Versions/A/EFILogin
0x0000000020023000 	/System/Library/PrivateFrameworks/ProtectedCloudStorage.framework/Versions/A/ProtectedCloudStorage
0x0000000020023000 	/usr/lib/libcurl.4.dylib
0x0000000020023000 	/usr/lib/libcrypto.42.dylib
0x0000000020023000 	/usr/lib/libssl.44.dylib
0x0000000020023000 	/System/Library/Frameworks/LDAP.framework/Versions/A/LDAP
0x0000000020023000 	/System/Library/PrivateFrameworks/TrustEvaluationAgent.framework/Versions/A/TrustEvaluationAgent
0x0000000020023000 	/usr/lib/libsasl2.2.dylib
0x0000000020023000 	/System/Library/PrivateFrameworks/CoreDaemon.framework/Versions/B/CoreDaemon
0x0000000020023000 	/System/Library/PrivateFrameworks/AppleSRP.framework/Versions/A/AppleSRP
0x0000000020023000 	/System/Library/PrivateFrameworks/ViewBridge.framework/Versions/A/ViewBridge
0x000000012ecb9000 	/Library/Java/JavaVirtualMachines/jdk1.8.0_45.jdk/Contents/Home/jre/lib/libfontmanager.dylib
0x000000012ed20000 	/Library/Java/JavaVirtualMachines/jdk1.8.0_45.jdk/Contents/Home/jre/lib/libosxui.dylib
0x0000000020023000 	/System/Library/Frameworks/OpenGL.framework/Versions/A/Resources/GLEngine.bundle/GLEngine
0x0000000020023000 	/System/Library/Frameworks/OpenGL.framework/Versions/A/Libraries/libGLProgrammability.dylib
0x0000000020023000 	/System/Library/Extensions/AppleIntelKBLGraphicsGLDriver.bundle/Contents/MacOS/AppleIntelKBLGraphicsGLDriver
0x0000000020023000 	/System/Library/PrivateFrameworks/GPUSupport.framework/Versions/A/Libraries/libGPUSupportMercury.dylib
0x0000000020023000 	/System/Library/Frameworks/OpenGL.framework/Versions/A/Resources/GLRendererFloat.bundle/GLRendererFloat
0x0000000020023000 	/System/Library/Frameworks/OpenCL.framework/Versions/A/Libraries/libcldcpuengine.dylib
0x0000000020023000 	/usr/lib/libcrypto.35.dylib
0x00000001302ec000 	/Library/Java/JavaVirtualMachines/jdk1.8.0_45.jdk/Contents/Home/jre/lib/libnet.dylib
0x0000000130019000 	/Library/Java/JavaVirtualMachines/jdk1.8.0_45.jdk/Contents/Home/jre/lib/libnio.dylib
0x0000000020023000 	/System/Library/PrivateFrameworks/CloudDocs.framework/Versions/A/CloudDocs
0x0000000020023000 	/System/Library/PrivateFrameworks/FileProvider.framework/Versions/A/FileProvider
0x0000000020023000 	/System/Library/PrivateFrameworks/SpotlightIndex.framework/Versions/A/SpotlightIndex
0x0000000020023000 	/System/Library/PrivateFrameworks/SymptomDiagnosticReporter.framework/Versions/A/SymptomDiagnosticReporter
0x0000000020023000 	/System/Library/PrivateFrameworks/GenerationalStorage.framework/Versions/A/GenerationalStorage
0x0000000020023000 	/System/Library/PrivateFrameworks/ChunkingLibrary.framework/Versions/A/ChunkingLibrary
0x0000000020023000 	/System/Library/PrivateFrameworks/PowerLog.framework/Versions/A/PowerLog
0x0000000020023000 	/System/Library/PrivateFrameworks/CoreAnalytics.framework/Versions/A/CoreAnalytics
0x000000012e213000 	/usr/lib/libobjc-trampolines.dylib
0x000000012ec01000 	/Library/Java/Extensions/librxtxSerial.jnilib
0x0000000132005000 	/Library/Java/JavaVirtualMachines/jdk1.8.0_45.jdk/Contents/Home/jre/lib/libdcpr.dylib

VM Arguments:
jvm_args: -Dfile.encoding=UTF-8 
java_command: my.lasercontroller.LaserController
java_class_path (initial): /Users/bernanos/Downloads/tutorial1/Resources/ardulink.jar:/Users/bernanos/Downloads/tutorial1/Resources/RXTXcomm.jar:/Users/bernanos/Downloads/poi-4.1.0/poi-4.1.0.jar:/Users/bernanos/Downloads/poi-4.1.0/poi-ooxml-4.1.0.jar:/Users/bernanos/Downloads/poi-4.1.0/poi-ooxml-schemas-4.1.0.jar:/Users/bernanos/Downloads/poi-4.1.0/ooxml-lib/xmlbeans-3.1.0.jar:/Users/bernanos/Downloads/poi-4.1.0/lib/commons-collections4-4.3.jar:/Users/bernanos/Downloads/poi-4.1.0/lib/commons-compress-1.18.jar:/Users/bernanos/Documents/GitHub/LaserController/LaserController/build/classes
Launcher Type: SUN_STANDARD

Environment Variables:
PATH=/usr/bin:/bin:/usr/sbin:/sbin
LD_LIBRARY_PATH=/Library/Java/JavaVirtualMachines/jdk1.8.0_45.jdk/Contents/Home/jre/lib/amd64:/Library/Java/JavaVirtualMachines/jdk1.8.0_45.jdk/Contents/Home/jre/lib/i386:
SHELL=/bin/bash
DISPLAY=/private/tmp/com.apple.launchd.r15N7gLw9f/org.macosforge.xquartz:0

Signal Handlers:
SIGSEGV: [libjvm.dylib+0x58ef95], sa_mask[0]=11111111011111110111111111111111, sa_flags=SA_ONSTACK|SA_RESTART|SA_SIGINFO
SIGBUS: [libjvm.dylib+0x58ef95], sa_mask[0]=11111111011111110111111111111111, sa_flags=SA_RESTART|SA_SIGINFO
SIGFPE: [libjvm.dylib+0x46c108], sa_mask[0]=11111111011111110111111111111111, sa_flags=SA_RESTART|SA_SIGINFO
SIGPIPE: [libjvm.dylib+0x46c108], sa_mask[0]=11111111011111110111111111111111, sa_flags=SA_RESTART|SA_SIGINFO
SIGXFSZ: [libjvm.dylib+0x46c108], sa_mask[0]=11111111011111110111111111111111, sa_flags=SA_RESTART|SA_SIGINFO
SIGILL: [libjvm.dylib+0x46c108], sa_mask[0]=11111111011111110111111111111111, sa_flags=SA_RESTART|SA_SIGINFO
SIGUSR1: SIG_DFL, sa_mask[0]=00000000000000000000000000000000, sa_flags=none
SIGUSR2: [libjvm.dylib+0x46bc26], sa_mask[0]=00100000000000000000000000000000, sa_flags=SA_RESTART|SA_SIGINFO
SIGHUP: [libjvm.dylib+0x46a1f9], sa_mask[0]=11111111011111110111111111111111, sa_flags=SA_RESTART|SA_SIGINFO
SIGINT: SIG_IGN, sa_mask[0]=00000000000000000000000000000000, sa_flags=none
SIGTERM: [libjvm.dylib+0x46a1f9], sa_mask[0]=11111111011111110111111111111111, sa_flags=SA_RESTART|SA_SIGINFO
SIGQUIT: [libjvm.dylib+0x46a1f9], sa_mask[0]=11111111011111110111111111111111, sa_flags=SA_RESTART|SA_SIGINFO


---------------  S Y S T E M  ---------------

OS:Bsduname:Darwin 18.5.0 Darwin Kernel Version 18.5.0: Mon Mar 11 20:40:32 PDT 2019; root:xnu-4903.251.3~3/RELEASE_X86_64 x86_64
rlimit: STACK 8192k, CORE 0k, NPROC 1418, NOFILE 10240, AS infinity
load average:1.99 2.19 2.22

CPU:total 4 (2 cores per cpu, 2 threads per core) family 6 model 142 stepping 9, cmov, cx8, fxsr, mmx, sse, sse2, sse3, ssse3, sse4.1, sse4.2, popcnt, avx, avx2, aes, clmul, erms, 3dnowpref, lzcnt, ht, tsc, tscinvbit, bmi1, bmi2, adx

Memory: 4k page, physical 16777216k(308836k free)

/proc/meminfo:


vm_info: Java HotSpot(TM) 64-Bit Server VM (25.45-b02) for bsd-amd64 JRE (1.8.0_45-b14), built on Apr 10 2015 10:46:38 by "java_re" with gcc 4.2.1 (Based on Apple Inc. build 5658) (LLVM build 2336.11.00)

time: Fri Apr 12 18:01:13 2019
elapsed time: 774 seconds (0d 0h 12m 54s)

